ARM GAS  C:\Users\YUEJIN~1\AppData\Local\Temp\cchjYUXB.s 			page 1


   1              		.cpu cortex-m3
   2              		.eabi_attribute 20, 1
   3              		.eabi_attribute 21, 1
   4              		.eabi_attribute 23, 3
   5              		.eabi_attribute 24, 1
   6              		.eabi_attribute 25, 1
   7              		.eabi_attribute 26, 1
   8              		.eabi_attribute 30, 1
   9              		.eabi_attribute 34, 1
  10              		.eabi_attribute 18, 4
  11              		.file	"stm32f1xx_ll_pwr.c"
  12              		.text
  13              	.Ltext0:
  14              		.cfi_sections	.debug_frame
  15              		.section	.text.LL_PWR_DeInit,"ax",%progbits
  16              		.align	1
  17              		.global	LL_PWR_DeInit
  18              		.arch armv7-m
  19              		.syntax unified
  20              		.thumb
  21              		.thumb_func
  22              		.fpu softvfp
  24              	LL_PWR_DeInit:
  25              	.LFB98:
  26              		.file 1 "Drivers/STM32F1xx_HAL_Driver/Src/stm32f1xx_ll_pwr.c"
   1:Drivers/STM32F1xx_HAL_Driver/Src/stm32f1xx_ll_pwr.c **** /**
   2:Drivers/STM32F1xx_HAL_Driver/Src/stm32f1xx_ll_pwr.c ****   ******************************************************************************
   3:Drivers/STM32F1xx_HAL_Driver/Src/stm32f1xx_ll_pwr.c ****   * @file    stm32f1xx_ll_pwr.c
   4:Drivers/STM32F1xx_HAL_Driver/Src/stm32f1xx_ll_pwr.c ****   * @author  MCD Application Team
   5:Drivers/STM32F1xx_HAL_Driver/Src/stm32f1xx_ll_pwr.c ****   * @brief   PWR LL module driver.
   6:Drivers/STM32F1xx_HAL_Driver/Src/stm32f1xx_ll_pwr.c ****   ******************************************************************************
   7:Drivers/STM32F1xx_HAL_Driver/Src/stm32f1xx_ll_pwr.c ****   * @attention
   8:Drivers/STM32F1xx_HAL_Driver/Src/stm32f1xx_ll_pwr.c ****   *
   9:Drivers/STM32F1xx_HAL_Driver/Src/stm32f1xx_ll_pwr.c ****   * <h2><center>&copy; Copyright (c) 2016 STMicroelectronics.
  10:Drivers/STM32F1xx_HAL_Driver/Src/stm32f1xx_ll_pwr.c ****   * All rights reserved.</center></h2>
  11:Drivers/STM32F1xx_HAL_Driver/Src/stm32f1xx_ll_pwr.c ****   *
  12:Drivers/STM32F1xx_HAL_Driver/Src/stm32f1xx_ll_pwr.c ****   * This software component is licensed by ST under BSD 3-Clause license,
  13:Drivers/STM32F1xx_HAL_Driver/Src/stm32f1xx_ll_pwr.c ****   * the "License"; You may not use this file except in compliance with the
  14:Drivers/STM32F1xx_HAL_Driver/Src/stm32f1xx_ll_pwr.c ****   * License. You may obtain a copy of the License at:
  15:Drivers/STM32F1xx_HAL_Driver/Src/stm32f1xx_ll_pwr.c ****   *                        opensource.org/licenses/BSD-3-Clause
  16:Drivers/STM32F1xx_HAL_Driver/Src/stm32f1xx_ll_pwr.c ****   *
  17:Drivers/STM32F1xx_HAL_Driver/Src/stm32f1xx_ll_pwr.c ****   ******************************************************************************
  18:Drivers/STM32F1xx_HAL_Driver/Src/stm32f1xx_ll_pwr.c ****   */
  19:Drivers/STM32F1xx_HAL_Driver/Src/stm32f1xx_ll_pwr.c **** 
  20:Drivers/STM32F1xx_HAL_Driver/Src/stm32f1xx_ll_pwr.c **** #if defined(USE_FULL_LL_DRIVER)
  21:Drivers/STM32F1xx_HAL_Driver/Src/stm32f1xx_ll_pwr.c **** 
  22:Drivers/STM32F1xx_HAL_Driver/Src/stm32f1xx_ll_pwr.c **** /* Includes ------------------------------------------------------------------*/
  23:Drivers/STM32F1xx_HAL_Driver/Src/stm32f1xx_ll_pwr.c **** #include "stm32f1xx_ll_pwr.h"
  24:Drivers/STM32F1xx_HAL_Driver/Src/stm32f1xx_ll_pwr.c **** #include "stm32f1xx_ll_bus.h"
  25:Drivers/STM32F1xx_HAL_Driver/Src/stm32f1xx_ll_pwr.c **** 
  26:Drivers/STM32F1xx_HAL_Driver/Src/stm32f1xx_ll_pwr.c **** /** @addtogroup STM32F1xx_LL_Driver
  27:Drivers/STM32F1xx_HAL_Driver/Src/stm32f1xx_ll_pwr.c ****   * @{
  28:Drivers/STM32F1xx_HAL_Driver/Src/stm32f1xx_ll_pwr.c ****   */
  29:Drivers/STM32F1xx_HAL_Driver/Src/stm32f1xx_ll_pwr.c **** 
  30:Drivers/STM32F1xx_HAL_Driver/Src/stm32f1xx_ll_pwr.c **** #if defined(PWR)
  31:Drivers/STM32F1xx_HAL_Driver/Src/stm32f1xx_ll_pwr.c **** 
  32:Drivers/STM32F1xx_HAL_Driver/Src/stm32f1xx_ll_pwr.c **** /** @defgroup PWR_LL PWR
ARM GAS  C:\Users\YUEJIN~1\AppData\Local\Temp\cchjYUXB.s 			page 2


  33:Drivers/STM32F1xx_HAL_Driver/Src/stm32f1xx_ll_pwr.c ****   * @{
  34:Drivers/STM32F1xx_HAL_Driver/Src/stm32f1xx_ll_pwr.c ****   */
  35:Drivers/STM32F1xx_HAL_Driver/Src/stm32f1xx_ll_pwr.c **** 
  36:Drivers/STM32F1xx_HAL_Driver/Src/stm32f1xx_ll_pwr.c **** /* Private types -------------------------------------------------------------*/
  37:Drivers/STM32F1xx_HAL_Driver/Src/stm32f1xx_ll_pwr.c **** /* Private variables ---------------------------------------------------------*/
  38:Drivers/STM32F1xx_HAL_Driver/Src/stm32f1xx_ll_pwr.c **** /* Private constants ---------------------------------------------------------*/
  39:Drivers/STM32F1xx_HAL_Driver/Src/stm32f1xx_ll_pwr.c **** /* Private macros ------------------------------------------------------------*/
  40:Drivers/STM32F1xx_HAL_Driver/Src/stm32f1xx_ll_pwr.c **** /* Private function prototypes -----------------------------------------------*/
  41:Drivers/STM32F1xx_HAL_Driver/Src/stm32f1xx_ll_pwr.c **** 
  42:Drivers/STM32F1xx_HAL_Driver/Src/stm32f1xx_ll_pwr.c **** /* Exported functions --------------------------------------------------------*/
  43:Drivers/STM32F1xx_HAL_Driver/Src/stm32f1xx_ll_pwr.c **** /** @addtogroup PWR_LL_Exported_Functions
  44:Drivers/STM32F1xx_HAL_Driver/Src/stm32f1xx_ll_pwr.c ****   * @{
  45:Drivers/STM32F1xx_HAL_Driver/Src/stm32f1xx_ll_pwr.c ****   */
  46:Drivers/STM32F1xx_HAL_Driver/Src/stm32f1xx_ll_pwr.c **** 
  47:Drivers/STM32F1xx_HAL_Driver/Src/stm32f1xx_ll_pwr.c **** /** @addtogroup PWR_LL_EF_Init
  48:Drivers/STM32F1xx_HAL_Driver/Src/stm32f1xx_ll_pwr.c ****   * @{
  49:Drivers/STM32F1xx_HAL_Driver/Src/stm32f1xx_ll_pwr.c ****   */
  50:Drivers/STM32F1xx_HAL_Driver/Src/stm32f1xx_ll_pwr.c **** 
  51:Drivers/STM32F1xx_HAL_Driver/Src/stm32f1xx_ll_pwr.c **** /**
  52:Drivers/STM32F1xx_HAL_Driver/Src/stm32f1xx_ll_pwr.c ****   * @brief  De-initialize the PWR registers to their default reset values.
  53:Drivers/STM32F1xx_HAL_Driver/Src/stm32f1xx_ll_pwr.c ****   * @retval An ErrorStatus enumeration value:
  54:Drivers/STM32F1xx_HAL_Driver/Src/stm32f1xx_ll_pwr.c ****   *          - SUCCESS: PWR registers are de-initialized
  55:Drivers/STM32F1xx_HAL_Driver/Src/stm32f1xx_ll_pwr.c ****   *          - ERROR: not applicable
  56:Drivers/STM32F1xx_HAL_Driver/Src/stm32f1xx_ll_pwr.c ****   */
  57:Drivers/STM32F1xx_HAL_Driver/Src/stm32f1xx_ll_pwr.c **** ErrorStatus LL_PWR_DeInit(void)
  58:Drivers/STM32F1xx_HAL_Driver/Src/stm32f1xx_ll_pwr.c **** {
  27              		.loc 1 58 1 view -0
  28              		.cfi_startproc
  29              		@ args = 0, pretend = 0, frame = 0
  30              		@ frame_needed = 0, uses_anonymous_args = 0
  31              		@ link register save eliminated.
  59:Drivers/STM32F1xx_HAL_Driver/Src/stm32f1xx_ll_pwr.c ****   /* Force reset of PWR clock */
  60:Drivers/STM32F1xx_HAL_Driver/Src/stm32f1xx_ll_pwr.c ****   LL_APB1_GRP1_ForceReset(LL_APB1_GRP1_PERIPH_PWR);
  32              		.loc 1 60 3 view .LVU1
  33              	.LVL0:
  34              	.LBB6:
  35              	.LBI6:
  36              		.file 2 "Drivers/STM32F1xx_HAL_Driver/Inc/stm32f1xx_ll_bus.h"
   1:Drivers/STM32F1xx_HAL_Driver/Inc/stm32f1xx_ll_bus.h **** /**
   2:Drivers/STM32F1xx_HAL_Driver/Inc/stm32f1xx_ll_bus.h ****   ******************************************************************************
   3:Drivers/STM32F1xx_HAL_Driver/Inc/stm32f1xx_ll_bus.h ****   * @file    stm32f1xx_ll_bus.h
   4:Drivers/STM32F1xx_HAL_Driver/Inc/stm32f1xx_ll_bus.h ****   * @author  MCD Application Team
   5:Drivers/STM32F1xx_HAL_Driver/Inc/stm32f1xx_ll_bus.h ****   * @brief   Header file of BUS LL module.
   6:Drivers/STM32F1xx_HAL_Driver/Inc/stm32f1xx_ll_bus.h **** 
   7:Drivers/STM32F1xx_HAL_Driver/Inc/stm32f1xx_ll_bus.h ****   @verbatim
   8:Drivers/STM32F1xx_HAL_Driver/Inc/stm32f1xx_ll_bus.h ****                       ##### RCC Limitations #####
   9:Drivers/STM32F1xx_HAL_Driver/Inc/stm32f1xx_ll_bus.h ****   ==============================================================================
  10:Drivers/STM32F1xx_HAL_Driver/Inc/stm32f1xx_ll_bus.h ****     [..]
  11:Drivers/STM32F1xx_HAL_Driver/Inc/stm32f1xx_ll_bus.h ****       A delay between an RCC peripheral clock enable and the effective peripheral
  12:Drivers/STM32F1xx_HAL_Driver/Inc/stm32f1xx_ll_bus.h ****       enabling should be taken into account in order to manage the peripheral read/write
  13:Drivers/STM32F1xx_HAL_Driver/Inc/stm32f1xx_ll_bus.h ****       from/to registers.
  14:Drivers/STM32F1xx_HAL_Driver/Inc/stm32f1xx_ll_bus.h ****       (+) This delay depends on the peripheral mapping.
  15:Drivers/STM32F1xx_HAL_Driver/Inc/stm32f1xx_ll_bus.h ****         (++) AHB & APB peripherals, 1 dummy read is necessary
  16:Drivers/STM32F1xx_HAL_Driver/Inc/stm32f1xx_ll_bus.h **** 
  17:Drivers/STM32F1xx_HAL_Driver/Inc/stm32f1xx_ll_bus.h ****     [..]
  18:Drivers/STM32F1xx_HAL_Driver/Inc/stm32f1xx_ll_bus.h ****       Workarounds:
  19:Drivers/STM32F1xx_HAL_Driver/Inc/stm32f1xx_ll_bus.h ****       (#) For AHB & APB peripherals, a dummy read to the peripheral register has been
ARM GAS  C:\Users\YUEJIN~1\AppData\Local\Temp\cchjYUXB.s 			page 3


  20:Drivers/STM32F1xx_HAL_Driver/Inc/stm32f1xx_ll_bus.h ****           inserted in each LL_{BUS}_GRP{x}_EnableClock() function.
  21:Drivers/STM32F1xx_HAL_Driver/Inc/stm32f1xx_ll_bus.h **** 
  22:Drivers/STM32F1xx_HAL_Driver/Inc/stm32f1xx_ll_bus.h ****   @endverbatim
  23:Drivers/STM32F1xx_HAL_Driver/Inc/stm32f1xx_ll_bus.h ****   ******************************************************************************
  24:Drivers/STM32F1xx_HAL_Driver/Inc/stm32f1xx_ll_bus.h ****   * @attention
  25:Drivers/STM32F1xx_HAL_Driver/Inc/stm32f1xx_ll_bus.h ****   *
  26:Drivers/STM32F1xx_HAL_Driver/Inc/stm32f1xx_ll_bus.h ****   * <h2><center>&copy; Copyright (c) 2016 STMicroelectronics.
  27:Drivers/STM32F1xx_HAL_Driver/Inc/stm32f1xx_ll_bus.h ****   * All rights reserved.</center></h2>
  28:Drivers/STM32F1xx_HAL_Driver/Inc/stm32f1xx_ll_bus.h ****   *
  29:Drivers/STM32F1xx_HAL_Driver/Inc/stm32f1xx_ll_bus.h ****   * This software component is licensed by ST under BSD 3-Clause license,
  30:Drivers/STM32F1xx_HAL_Driver/Inc/stm32f1xx_ll_bus.h ****   * the "License"; You may not use this file except in compliance with the
  31:Drivers/STM32F1xx_HAL_Driver/Inc/stm32f1xx_ll_bus.h ****   * License. You may obtain a copy of the License at:
  32:Drivers/STM32F1xx_HAL_Driver/Inc/stm32f1xx_ll_bus.h ****   *                        opensource.org/licenses/BSD-3-Clause
  33:Drivers/STM32F1xx_HAL_Driver/Inc/stm32f1xx_ll_bus.h ****   *
  34:Drivers/STM32F1xx_HAL_Driver/Inc/stm32f1xx_ll_bus.h ****   ******************************************************************************
  35:Drivers/STM32F1xx_HAL_Driver/Inc/stm32f1xx_ll_bus.h ****   */
  36:Drivers/STM32F1xx_HAL_Driver/Inc/stm32f1xx_ll_bus.h **** 
  37:Drivers/STM32F1xx_HAL_Driver/Inc/stm32f1xx_ll_bus.h **** /* Define to prevent recursive inclusion -------------------------------------*/
  38:Drivers/STM32F1xx_HAL_Driver/Inc/stm32f1xx_ll_bus.h **** #ifndef __STM32F1xx_LL_BUS_H
  39:Drivers/STM32F1xx_HAL_Driver/Inc/stm32f1xx_ll_bus.h **** #define __STM32F1xx_LL_BUS_H
  40:Drivers/STM32F1xx_HAL_Driver/Inc/stm32f1xx_ll_bus.h **** 
  41:Drivers/STM32F1xx_HAL_Driver/Inc/stm32f1xx_ll_bus.h **** #ifdef __cplusplus
  42:Drivers/STM32F1xx_HAL_Driver/Inc/stm32f1xx_ll_bus.h **** extern "C" {
  43:Drivers/STM32F1xx_HAL_Driver/Inc/stm32f1xx_ll_bus.h **** #endif
  44:Drivers/STM32F1xx_HAL_Driver/Inc/stm32f1xx_ll_bus.h **** 
  45:Drivers/STM32F1xx_HAL_Driver/Inc/stm32f1xx_ll_bus.h **** /* Includes ------------------------------------------------------------------*/
  46:Drivers/STM32F1xx_HAL_Driver/Inc/stm32f1xx_ll_bus.h **** #include "stm32f1xx.h"
  47:Drivers/STM32F1xx_HAL_Driver/Inc/stm32f1xx_ll_bus.h **** 
  48:Drivers/STM32F1xx_HAL_Driver/Inc/stm32f1xx_ll_bus.h **** /** @addtogroup STM32F1xx_LL_Driver
  49:Drivers/STM32F1xx_HAL_Driver/Inc/stm32f1xx_ll_bus.h ****   * @{
  50:Drivers/STM32F1xx_HAL_Driver/Inc/stm32f1xx_ll_bus.h ****   */
  51:Drivers/STM32F1xx_HAL_Driver/Inc/stm32f1xx_ll_bus.h **** 
  52:Drivers/STM32F1xx_HAL_Driver/Inc/stm32f1xx_ll_bus.h **** #if defined(RCC)
  53:Drivers/STM32F1xx_HAL_Driver/Inc/stm32f1xx_ll_bus.h **** 
  54:Drivers/STM32F1xx_HAL_Driver/Inc/stm32f1xx_ll_bus.h **** /** @defgroup BUS_LL BUS
  55:Drivers/STM32F1xx_HAL_Driver/Inc/stm32f1xx_ll_bus.h ****   * @{
  56:Drivers/STM32F1xx_HAL_Driver/Inc/stm32f1xx_ll_bus.h ****   */
  57:Drivers/STM32F1xx_HAL_Driver/Inc/stm32f1xx_ll_bus.h **** 
  58:Drivers/STM32F1xx_HAL_Driver/Inc/stm32f1xx_ll_bus.h **** /* Private types -------------------------------------------------------------*/
  59:Drivers/STM32F1xx_HAL_Driver/Inc/stm32f1xx_ll_bus.h **** /* Private variables ---------------------------------------------------------*/
  60:Drivers/STM32F1xx_HAL_Driver/Inc/stm32f1xx_ll_bus.h **** 
  61:Drivers/STM32F1xx_HAL_Driver/Inc/stm32f1xx_ll_bus.h **** /* Private constants ---------------------------------------------------------*/
  62:Drivers/STM32F1xx_HAL_Driver/Inc/stm32f1xx_ll_bus.h **** #if defined(RCC_AHBRSTR_OTGFSRST) || defined(RCC_AHBRSTR_ETHMACRST)
  63:Drivers/STM32F1xx_HAL_Driver/Inc/stm32f1xx_ll_bus.h **** #define RCC_AHBRSTR_SUPPORT
  64:Drivers/STM32F1xx_HAL_Driver/Inc/stm32f1xx_ll_bus.h **** #endif /* RCC_AHBRSTR_OTGFSRST || RCC_AHBRSTR_ETHMACRST */
  65:Drivers/STM32F1xx_HAL_Driver/Inc/stm32f1xx_ll_bus.h **** 
  66:Drivers/STM32F1xx_HAL_Driver/Inc/stm32f1xx_ll_bus.h **** /* Private macros ------------------------------------------------------------*/
  67:Drivers/STM32F1xx_HAL_Driver/Inc/stm32f1xx_ll_bus.h **** 
  68:Drivers/STM32F1xx_HAL_Driver/Inc/stm32f1xx_ll_bus.h **** /* Exported types ------------------------------------------------------------*/
  69:Drivers/STM32F1xx_HAL_Driver/Inc/stm32f1xx_ll_bus.h **** /* Exported constants --------------------------------------------------------*/
  70:Drivers/STM32F1xx_HAL_Driver/Inc/stm32f1xx_ll_bus.h **** /** @defgroup BUS_LL_Exported_Constants BUS Exported Constants
  71:Drivers/STM32F1xx_HAL_Driver/Inc/stm32f1xx_ll_bus.h ****   * @{
  72:Drivers/STM32F1xx_HAL_Driver/Inc/stm32f1xx_ll_bus.h ****   */
  73:Drivers/STM32F1xx_HAL_Driver/Inc/stm32f1xx_ll_bus.h **** 
  74:Drivers/STM32F1xx_HAL_Driver/Inc/stm32f1xx_ll_bus.h **** /** @defgroup BUS_LL_EC_AHB1_GRP1_PERIPH  AHB1 GRP1 PERIPH
  75:Drivers/STM32F1xx_HAL_Driver/Inc/stm32f1xx_ll_bus.h ****   * @{
  76:Drivers/STM32F1xx_HAL_Driver/Inc/stm32f1xx_ll_bus.h ****   */
ARM GAS  C:\Users\YUEJIN~1\AppData\Local\Temp\cchjYUXB.s 			page 4


  77:Drivers/STM32F1xx_HAL_Driver/Inc/stm32f1xx_ll_bus.h **** #define LL_AHB1_GRP1_PERIPH_ALL            (uint32_t)0xFFFFFFFFU
  78:Drivers/STM32F1xx_HAL_Driver/Inc/stm32f1xx_ll_bus.h **** #define LL_AHB1_GRP1_PERIPH_CRC            RCC_AHBENR_CRCEN
  79:Drivers/STM32F1xx_HAL_Driver/Inc/stm32f1xx_ll_bus.h **** #define LL_AHB1_GRP1_PERIPH_DMA1           RCC_AHBENR_DMA1EN
  80:Drivers/STM32F1xx_HAL_Driver/Inc/stm32f1xx_ll_bus.h **** #if defined(DMA2)
  81:Drivers/STM32F1xx_HAL_Driver/Inc/stm32f1xx_ll_bus.h **** #define LL_AHB1_GRP1_PERIPH_DMA2           RCC_AHBENR_DMA2EN
  82:Drivers/STM32F1xx_HAL_Driver/Inc/stm32f1xx_ll_bus.h **** #endif /*DMA2*/
  83:Drivers/STM32F1xx_HAL_Driver/Inc/stm32f1xx_ll_bus.h **** #if defined(ETH)
  84:Drivers/STM32F1xx_HAL_Driver/Inc/stm32f1xx_ll_bus.h **** #define LL_AHB1_GRP1_PERIPH_ETHMAC         RCC_AHBENR_ETHMACEN
  85:Drivers/STM32F1xx_HAL_Driver/Inc/stm32f1xx_ll_bus.h **** #define LL_AHB1_GRP1_PERIPH_ETHMACRX       RCC_AHBENR_ETHMACRXEN
  86:Drivers/STM32F1xx_HAL_Driver/Inc/stm32f1xx_ll_bus.h **** #define LL_AHB1_GRP1_PERIPH_ETHMACTX       RCC_AHBENR_ETHMACTXEN
  87:Drivers/STM32F1xx_HAL_Driver/Inc/stm32f1xx_ll_bus.h **** #endif /*ETH*/
  88:Drivers/STM32F1xx_HAL_Driver/Inc/stm32f1xx_ll_bus.h **** #define LL_AHB1_GRP1_PERIPH_FLASH          RCC_AHBENR_FLITFEN
  89:Drivers/STM32F1xx_HAL_Driver/Inc/stm32f1xx_ll_bus.h **** #if defined(FSMC_Bank1)
  90:Drivers/STM32F1xx_HAL_Driver/Inc/stm32f1xx_ll_bus.h **** #define LL_AHB1_GRP1_PERIPH_FSMC           RCC_AHBENR_FSMCEN
  91:Drivers/STM32F1xx_HAL_Driver/Inc/stm32f1xx_ll_bus.h **** #endif /*FSMC_Bank1*/
  92:Drivers/STM32F1xx_HAL_Driver/Inc/stm32f1xx_ll_bus.h **** #if defined(USB_OTG_FS)
  93:Drivers/STM32F1xx_HAL_Driver/Inc/stm32f1xx_ll_bus.h **** #define LL_AHB1_GRP1_PERIPH_OTGFS          RCC_AHBENR_OTGFSEN
  94:Drivers/STM32F1xx_HAL_Driver/Inc/stm32f1xx_ll_bus.h **** #endif /*USB_OTG_FS*/
  95:Drivers/STM32F1xx_HAL_Driver/Inc/stm32f1xx_ll_bus.h **** #if defined(SDIO)
  96:Drivers/STM32F1xx_HAL_Driver/Inc/stm32f1xx_ll_bus.h **** #define LL_AHB1_GRP1_PERIPH_SDIO           RCC_AHBENR_SDIOEN
  97:Drivers/STM32F1xx_HAL_Driver/Inc/stm32f1xx_ll_bus.h **** #endif /*SDIO*/
  98:Drivers/STM32F1xx_HAL_Driver/Inc/stm32f1xx_ll_bus.h **** #define LL_AHB1_GRP1_PERIPH_SRAM           RCC_AHBENR_SRAMEN
  99:Drivers/STM32F1xx_HAL_Driver/Inc/stm32f1xx_ll_bus.h **** /**
 100:Drivers/STM32F1xx_HAL_Driver/Inc/stm32f1xx_ll_bus.h ****   * @}
 101:Drivers/STM32F1xx_HAL_Driver/Inc/stm32f1xx_ll_bus.h ****   */
 102:Drivers/STM32F1xx_HAL_Driver/Inc/stm32f1xx_ll_bus.h **** 
 103:Drivers/STM32F1xx_HAL_Driver/Inc/stm32f1xx_ll_bus.h **** /** @defgroup BUS_LL_EC_APB1_GRP1_PERIPH  APB1 GRP1 PERIPH
 104:Drivers/STM32F1xx_HAL_Driver/Inc/stm32f1xx_ll_bus.h ****   * @{
 105:Drivers/STM32F1xx_HAL_Driver/Inc/stm32f1xx_ll_bus.h ****   */
 106:Drivers/STM32F1xx_HAL_Driver/Inc/stm32f1xx_ll_bus.h **** #define LL_APB1_GRP1_PERIPH_ALL            (uint32_t)0xFFFFFFFFU
 107:Drivers/STM32F1xx_HAL_Driver/Inc/stm32f1xx_ll_bus.h **** #define LL_APB1_GRP1_PERIPH_BKP            RCC_APB1ENR_BKPEN
 108:Drivers/STM32F1xx_HAL_Driver/Inc/stm32f1xx_ll_bus.h **** #if defined(CAN1)
 109:Drivers/STM32F1xx_HAL_Driver/Inc/stm32f1xx_ll_bus.h **** #define LL_APB1_GRP1_PERIPH_CAN1           RCC_APB1ENR_CAN1EN
 110:Drivers/STM32F1xx_HAL_Driver/Inc/stm32f1xx_ll_bus.h **** #endif /*CAN1*/
 111:Drivers/STM32F1xx_HAL_Driver/Inc/stm32f1xx_ll_bus.h **** #if defined(CAN2)
 112:Drivers/STM32F1xx_HAL_Driver/Inc/stm32f1xx_ll_bus.h **** #define LL_APB1_GRP1_PERIPH_CAN2           RCC_APB1ENR_CAN2EN
 113:Drivers/STM32F1xx_HAL_Driver/Inc/stm32f1xx_ll_bus.h **** #endif /*CAN2*/
 114:Drivers/STM32F1xx_HAL_Driver/Inc/stm32f1xx_ll_bus.h **** #if defined(CEC)
 115:Drivers/STM32F1xx_HAL_Driver/Inc/stm32f1xx_ll_bus.h **** #define LL_APB1_GRP1_PERIPH_CEC            RCC_APB1ENR_CECEN
 116:Drivers/STM32F1xx_HAL_Driver/Inc/stm32f1xx_ll_bus.h **** #endif /*CEC*/
 117:Drivers/STM32F1xx_HAL_Driver/Inc/stm32f1xx_ll_bus.h **** #if defined(DAC)
 118:Drivers/STM32F1xx_HAL_Driver/Inc/stm32f1xx_ll_bus.h **** #define LL_APB1_GRP1_PERIPH_DAC1           RCC_APB1ENR_DACEN
 119:Drivers/STM32F1xx_HAL_Driver/Inc/stm32f1xx_ll_bus.h **** #endif /*DAC*/
 120:Drivers/STM32F1xx_HAL_Driver/Inc/stm32f1xx_ll_bus.h **** #define LL_APB1_GRP1_PERIPH_I2C1           RCC_APB1ENR_I2C1EN
 121:Drivers/STM32F1xx_HAL_Driver/Inc/stm32f1xx_ll_bus.h **** #if defined(I2C2)
 122:Drivers/STM32F1xx_HAL_Driver/Inc/stm32f1xx_ll_bus.h **** #define LL_APB1_GRP1_PERIPH_I2C2           RCC_APB1ENR_I2C2EN
 123:Drivers/STM32F1xx_HAL_Driver/Inc/stm32f1xx_ll_bus.h **** #endif /*I2C2*/
 124:Drivers/STM32F1xx_HAL_Driver/Inc/stm32f1xx_ll_bus.h **** #define LL_APB1_GRP1_PERIPH_PWR            RCC_APB1ENR_PWREN
 125:Drivers/STM32F1xx_HAL_Driver/Inc/stm32f1xx_ll_bus.h **** #if defined(SPI2)
 126:Drivers/STM32F1xx_HAL_Driver/Inc/stm32f1xx_ll_bus.h **** #define LL_APB1_GRP1_PERIPH_SPI2           RCC_APB1ENR_SPI2EN
 127:Drivers/STM32F1xx_HAL_Driver/Inc/stm32f1xx_ll_bus.h **** #endif /*SPI2*/
 128:Drivers/STM32F1xx_HAL_Driver/Inc/stm32f1xx_ll_bus.h **** #if defined(SPI3)
 129:Drivers/STM32F1xx_HAL_Driver/Inc/stm32f1xx_ll_bus.h **** #define LL_APB1_GRP1_PERIPH_SPI3           RCC_APB1ENR_SPI3EN
 130:Drivers/STM32F1xx_HAL_Driver/Inc/stm32f1xx_ll_bus.h **** #endif /*SPI3*/
 131:Drivers/STM32F1xx_HAL_Driver/Inc/stm32f1xx_ll_bus.h **** #if defined(TIM12)
 132:Drivers/STM32F1xx_HAL_Driver/Inc/stm32f1xx_ll_bus.h **** #define LL_APB1_GRP1_PERIPH_TIM12          RCC_APB1ENR_TIM12EN
 133:Drivers/STM32F1xx_HAL_Driver/Inc/stm32f1xx_ll_bus.h **** #endif /*TIM12*/
ARM GAS  C:\Users\YUEJIN~1\AppData\Local\Temp\cchjYUXB.s 			page 5


 134:Drivers/STM32F1xx_HAL_Driver/Inc/stm32f1xx_ll_bus.h **** #if defined(TIM13)
 135:Drivers/STM32F1xx_HAL_Driver/Inc/stm32f1xx_ll_bus.h **** #define LL_APB1_GRP1_PERIPH_TIM13          RCC_APB1ENR_TIM13EN
 136:Drivers/STM32F1xx_HAL_Driver/Inc/stm32f1xx_ll_bus.h **** #endif /*TIM13*/
 137:Drivers/STM32F1xx_HAL_Driver/Inc/stm32f1xx_ll_bus.h **** #if defined(TIM14)
 138:Drivers/STM32F1xx_HAL_Driver/Inc/stm32f1xx_ll_bus.h **** #define LL_APB1_GRP1_PERIPH_TIM14          RCC_APB1ENR_TIM14EN
 139:Drivers/STM32F1xx_HAL_Driver/Inc/stm32f1xx_ll_bus.h **** #endif /*TIM14*/
 140:Drivers/STM32F1xx_HAL_Driver/Inc/stm32f1xx_ll_bus.h **** #define LL_APB1_GRP1_PERIPH_TIM2           RCC_APB1ENR_TIM2EN
 141:Drivers/STM32F1xx_HAL_Driver/Inc/stm32f1xx_ll_bus.h **** #define LL_APB1_GRP1_PERIPH_TIM3           RCC_APB1ENR_TIM3EN
 142:Drivers/STM32F1xx_HAL_Driver/Inc/stm32f1xx_ll_bus.h **** #if defined(TIM4)
 143:Drivers/STM32F1xx_HAL_Driver/Inc/stm32f1xx_ll_bus.h **** #define LL_APB1_GRP1_PERIPH_TIM4           RCC_APB1ENR_TIM4EN
 144:Drivers/STM32F1xx_HAL_Driver/Inc/stm32f1xx_ll_bus.h **** #endif /*TIM4*/
 145:Drivers/STM32F1xx_HAL_Driver/Inc/stm32f1xx_ll_bus.h **** #if defined(TIM5)
 146:Drivers/STM32F1xx_HAL_Driver/Inc/stm32f1xx_ll_bus.h **** #define LL_APB1_GRP1_PERIPH_TIM5           RCC_APB1ENR_TIM5EN
 147:Drivers/STM32F1xx_HAL_Driver/Inc/stm32f1xx_ll_bus.h **** #endif /*TIM5*/
 148:Drivers/STM32F1xx_HAL_Driver/Inc/stm32f1xx_ll_bus.h **** #if defined(TIM6)
 149:Drivers/STM32F1xx_HAL_Driver/Inc/stm32f1xx_ll_bus.h **** #define LL_APB1_GRP1_PERIPH_TIM6           RCC_APB1ENR_TIM6EN
 150:Drivers/STM32F1xx_HAL_Driver/Inc/stm32f1xx_ll_bus.h **** #endif /*TIM6*/
 151:Drivers/STM32F1xx_HAL_Driver/Inc/stm32f1xx_ll_bus.h **** #if defined(TIM7)
 152:Drivers/STM32F1xx_HAL_Driver/Inc/stm32f1xx_ll_bus.h **** #define LL_APB1_GRP1_PERIPH_TIM7           RCC_APB1ENR_TIM7EN
 153:Drivers/STM32F1xx_HAL_Driver/Inc/stm32f1xx_ll_bus.h **** #endif /*TIM7*/
 154:Drivers/STM32F1xx_HAL_Driver/Inc/stm32f1xx_ll_bus.h **** #if defined(UART4)
 155:Drivers/STM32F1xx_HAL_Driver/Inc/stm32f1xx_ll_bus.h **** #define LL_APB1_GRP1_PERIPH_UART4          RCC_APB1ENR_UART4EN
 156:Drivers/STM32F1xx_HAL_Driver/Inc/stm32f1xx_ll_bus.h **** #endif /*UART4*/
 157:Drivers/STM32F1xx_HAL_Driver/Inc/stm32f1xx_ll_bus.h **** #if defined(UART5)
 158:Drivers/STM32F1xx_HAL_Driver/Inc/stm32f1xx_ll_bus.h **** #define LL_APB1_GRP1_PERIPH_UART5          RCC_APB1ENR_UART5EN
 159:Drivers/STM32F1xx_HAL_Driver/Inc/stm32f1xx_ll_bus.h **** #endif /*UART5*/
 160:Drivers/STM32F1xx_HAL_Driver/Inc/stm32f1xx_ll_bus.h **** #define LL_APB1_GRP1_PERIPH_USART2         RCC_APB1ENR_USART2EN
 161:Drivers/STM32F1xx_HAL_Driver/Inc/stm32f1xx_ll_bus.h **** #if defined(USART3)
 162:Drivers/STM32F1xx_HAL_Driver/Inc/stm32f1xx_ll_bus.h **** #define LL_APB1_GRP1_PERIPH_USART3         RCC_APB1ENR_USART3EN
 163:Drivers/STM32F1xx_HAL_Driver/Inc/stm32f1xx_ll_bus.h **** #endif /*USART3*/
 164:Drivers/STM32F1xx_HAL_Driver/Inc/stm32f1xx_ll_bus.h **** #if defined(USB)
 165:Drivers/STM32F1xx_HAL_Driver/Inc/stm32f1xx_ll_bus.h **** #define LL_APB1_GRP1_PERIPH_USB            RCC_APB1ENR_USBEN
 166:Drivers/STM32F1xx_HAL_Driver/Inc/stm32f1xx_ll_bus.h **** #endif /*USB*/
 167:Drivers/STM32F1xx_HAL_Driver/Inc/stm32f1xx_ll_bus.h **** #define LL_APB1_GRP1_PERIPH_WWDG           RCC_APB1ENR_WWDGEN
 168:Drivers/STM32F1xx_HAL_Driver/Inc/stm32f1xx_ll_bus.h **** /**
 169:Drivers/STM32F1xx_HAL_Driver/Inc/stm32f1xx_ll_bus.h ****   * @}
 170:Drivers/STM32F1xx_HAL_Driver/Inc/stm32f1xx_ll_bus.h ****   */
 171:Drivers/STM32F1xx_HAL_Driver/Inc/stm32f1xx_ll_bus.h **** 
 172:Drivers/STM32F1xx_HAL_Driver/Inc/stm32f1xx_ll_bus.h **** /** @defgroup BUS_LL_EC_APB2_GRP1_PERIPH  APB2 GRP1 PERIPH
 173:Drivers/STM32F1xx_HAL_Driver/Inc/stm32f1xx_ll_bus.h ****   * @{
 174:Drivers/STM32F1xx_HAL_Driver/Inc/stm32f1xx_ll_bus.h ****   */
 175:Drivers/STM32F1xx_HAL_Driver/Inc/stm32f1xx_ll_bus.h **** #define LL_APB2_GRP1_PERIPH_ALL            (uint32_t)0xFFFFFFFFU
 176:Drivers/STM32F1xx_HAL_Driver/Inc/stm32f1xx_ll_bus.h **** #define LL_APB2_GRP1_PERIPH_ADC1           RCC_APB2ENR_ADC1EN
 177:Drivers/STM32F1xx_HAL_Driver/Inc/stm32f1xx_ll_bus.h **** #if defined(ADC2)
 178:Drivers/STM32F1xx_HAL_Driver/Inc/stm32f1xx_ll_bus.h **** #define LL_APB2_GRP1_PERIPH_ADC2           RCC_APB2ENR_ADC2EN
 179:Drivers/STM32F1xx_HAL_Driver/Inc/stm32f1xx_ll_bus.h **** #endif /*ADC2*/
 180:Drivers/STM32F1xx_HAL_Driver/Inc/stm32f1xx_ll_bus.h **** #if defined(ADC3)
 181:Drivers/STM32F1xx_HAL_Driver/Inc/stm32f1xx_ll_bus.h **** #define LL_APB2_GRP1_PERIPH_ADC3           RCC_APB2ENR_ADC3EN
 182:Drivers/STM32F1xx_HAL_Driver/Inc/stm32f1xx_ll_bus.h **** #endif /*ADC3*/
 183:Drivers/STM32F1xx_HAL_Driver/Inc/stm32f1xx_ll_bus.h **** #define LL_APB2_GRP1_PERIPH_AFIO           RCC_APB2ENR_AFIOEN
 184:Drivers/STM32F1xx_HAL_Driver/Inc/stm32f1xx_ll_bus.h **** #define LL_APB2_GRP1_PERIPH_GPIOA          RCC_APB2ENR_IOPAEN
 185:Drivers/STM32F1xx_HAL_Driver/Inc/stm32f1xx_ll_bus.h **** #define LL_APB2_GRP1_PERIPH_GPIOB          RCC_APB2ENR_IOPBEN
 186:Drivers/STM32F1xx_HAL_Driver/Inc/stm32f1xx_ll_bus.h **** #define LL_APB2_GRP1_PERIPH_GPIOC          RCC_APB2ENR_IOPCEN
 187:Drivers/STM32F1xx_HAL_Driver/Inc/stm32f1xx_ll_bus.h **** #define LL_APB2_GRP1_PERIPH_GPIOD          RCC_APB2ENR_IOPDEN
 188:Drivers/STM32F1xx_HAL_Driver/Inc/stm32f1xx_ll_bus.h **** #if defined(GPIOE)
 189:Drivers/STM32F1xx_HAL_Driver/Inc/stm32f1xx_ll_bus.h **** #define LL_APB2_GRP1_PERIPH_GPIOE          RCC_APB2ENR_IOPEEN
 190:Drivers/STM32F1xx_HAL_Driver/Inc/stm32f1xx_ll_bus.h **** #endif /*GPIOE*/
ARM GAS  C:\Users\YUEJIN~1\AppData\Local\Temp\cchjYUXB.s 			page 6


 191:Drivers/STM32F1xx_HAL_Driver/Inc/stm32f1xx_ll_bus.h **** #if defined(GPIOF)
 192:Drivers/STM32F1xx_HAL_Driver/Inc/stm32f1xx_ll_bus.h **** #define LL_APB2_GRP1_PERIPH_GPIOF          RCC_APB2ENR_IOPFEN
 193:Drivers/STM32F1xx_HAL_Driver/Inc/stm32f1xx_ll_bus.h **** #endif /*GPIOF*/
 194:Drivers/STM32F1xx_HAL_Driver/Inc/stm32f1xx_ll_bus.h **** #if defined(GPIOG)
 195:Drivers/STM32F1xx_HAL_Driver/Inc/stm32f1xx_ll_bus.h **** #define LL_APB2_GRP1_PERIPH_GPIOG          RCC_APB2ENR_IOPGEN
 196:Drivers/STM32F1xx_HAL_Driver/Inc/stm32f1xx_ll_bus.h **** #endif /*GPIOG*/
 197:Drivers/STM32F1xx_HAL_Driver/Inc/stm32f1xx_ll_bus.h **** #define LL_APB2_GRP1_PERIPH_SPI1           RCC_APB2ENR_SPI1EN
 198:Drivers/STM32F1xx_HAL_Driver/Inc/stm32f1xx_ll_bus.h **** #if defined(TIM10)
 199:Drivers/STM32F1xx_HAL_Driver/Inc/stm32f1xx_ll_bus.h **** #define LL_APB2_GRP1_PERIPH_TIM10          RCC_APB2ENR_TIM10EN
 200:Drivers/STM32F1xx_HAL_Driver/Inc/stm32f1xx_ll_bus.h **** #endif /*TIM10*/
 201:Drivers/STM32F1xx_HAL_Driver/Inc/stm32f1xx_ll_bus.h **** #if defined(TIM11)
 202:Drivers/STM32F1xx_HAL_Driver/Inc/stm32f1xx_ll_bus.h **** #define LL_APB2_GRP1_PERIPH_TIM11          RCC_APB2ENR_TIM11EN
 203:Drivers/STM32F1xx_HAL_Driver/Inc/stm32f1xx_ll_bus.h **** #endif /*TIM11*/
 204:Drivers/STM32F1xx_HAL_Driver/Inc/stm32f1xx_ll_bus.h **** #if defined(TIM15)
 205:Drivers/STM32F1xx_HAL_Driver/Inc/stm32f1xx_ll_bus.h **** #define LL_APB2_GRP1_PERIPH_TIM15          RCC_APB2ENR_TIM15EN
 206:Drivers/STM32F1xx_HAL_Driver/Inc/stm32f1xx_ll_bus.h **** #endif /*TIM15*/
 207:Drivers/STM32F1xx_HAL_Driver/Inc/stm32f1xx_ll_bus.h **** #if defined(TIM16)
 208:Drivers/STM32F1xx_HAL_Driver/Inc/stm32f1xx_ll_bus.h **** #define LL_APB2_GRP1_PERIPH_TIM16          RCC_APB2ENR_TIM16EN
 209:Drivers/STM32F1xx_HAL_Driver/Inc/stm32f1xx_ll_bus.h **** #endif /*TIM16*/
 210:Drivers/STM32F1xx_HAL_Driver/Inc/stm32f1xx_ll_bus.h **** #if defined(TIM17)
 211:Drivers/STM32F1xx_HAL_Driver/Inc/stm32f1xx_ll_bus.h **** #define LL_APB2_GRP1_PERIPH_TIM17          RCC_APB2ENR_TIM17EN
 212:Drivers/STM32F1xx_HAL_Driver/Inc/stm32f1xx_ll_bus.h **** #endif /*TIM17*/
 213:Drivers/STM32F1xx_HAL_Driver/Inc/stm32f1xx_ll_bus.h **** #define LL_APB2_GRP1_PERIPH_TIM1           RCC_APB2ENR_TIM1EN
 214:Drivers/STM32F1xx_HAL_Driver/Inc/stm32f1xx_ll_bus.h **** #if defined(TIM8)
 215:Drivers/STM32F1xx_HAL_Driver/Inc/stm32f1xx_ll_bus.h **** #define LL_APB2_GRP1_PERIPH_TIM8           RCC_APB2ENR_TIM8EN
 216:Drivers/STM32F1xx_HAL_Driver/Inc/stm32f1xx_ll_bus.h **** #endif /*TIM8*/
 217:Drivers/STM32F1xx_HAL_Driver/Inc/stm32f1xx_ll_bus.h **** #if defined(TIM9)
 218:Drivers/STM32F1xx_HAL_Driver/Inc/stm32f1xx_ll_bus.h **** #define LL_APB2_GRP1_PERIPH_TIM9           RCC_APB2ENR_TIM9EN
 219:Drivers/STM32F1xx_HAL_Driver/Inc/stm32f1xx_ll_bus.h **** #endif /*TIM9*/
 220:Drivers/STM32F1xx_HAL_Driver/Inc/stm32f1xx_ll_bus.h **** #define LL_APB2_GRP1_PERIPH_USART1         RCC_APB2ENR_USART1EN
 221:Drivers/STM32F1xx_HAL_Driver/Inc/stm32f1xx_ll_bus.h **** /**
 222:Drivers/STM32F1xx_HAL_Driver/Inc/stm32f1xx_ll_bus.h ****   * @}
 223:Drivers/STM32F1xx_HAL_Driver/Inc/stm32f1xx_ll_bus.h ****   */
 224:Drivers/STM32F1xx_HAL_Driver/Inc/stm32f1xx_ll_bus.h **** 
 225:Drivers/STM32F1xx_HAL_Driver/Inc/stm32f1xx_ll_bus.h **** /**
 226:Drivers/STM32F1xx_HAL_Driver/Inc/stm32f1xx_ll_bus.h ****   * @}
 227:Drivers/STM32F1xx_HAL_Driver/Inc/stm32f1xx_ll_bus.h ****   */
 228:Drivers/STM32F1xx_HAL_Driver/Inc/stm32f1xx_ll_bus.h **** 
 229:Drivers/STM32F1xx_HAL_Driver/Inc/stm32f1xx_ll_bus.h **** /* Exported macro ------------------------------------------------------------*/
 230:Drivers/STM32F1xx_HAL_Driver/Inc/stm32f1xx_ll_bus.h **** 
 231:Drivers/STM32F1xx_HAL_Driver/Inc/stm32f1xx_ll_bus.h **** /* Exported functions --------------------------------------------------------*/
 232:Drivers/STM32F1xx_HAL_Driver/Inc/stm32f1xx_ll_bus.h **** /** @defgroup BUS_LL_Exported_Functions BUS Exported Functions
 233:Drivers/STM32F1xx_HAL_Driver/Inc/stm32f1xx_ll_bus.h ****   * @{
 234:Drivers/STM32F1xx_HAL_Driver/Inc/stm32f1xx_ll_bus.h ****   */
 235:Drivers/STM32F1xx_HAL_Driver/Inc/stm32f1xx_ll_bus.h **** 
 236:Drivers/STM32F1xx_HAL_Driver/Inc/stm32f1xx_ll_bus.h **** /** @defgroup BUS_LL_EF_AHB1 AHB1
 237:Drivers/STM32F1xx_HAL_Driver/Inc/stm32f1xx_ll_bus.h ****   * @{
 238:Drivers/STM32F1xx_HAL_Driver/Inc/stm32f1xx_ll_bus.h ****   */
 239:Drivers/STM32F1xx_HAL_Driver/Inc/stm32f1xx_ll_bus.h **** 
 240:Drivers/STM32F1xx_HAL_Driver/Inc/stm32f1xx_ll_bus.h **** /**
 241:Drivers/STM32F1xx_HAL_Driver/Inc/stm32f1xx_ll_bus.h ****   * @brief  Enable AHB1 peripherals clock.
 242:Drivers/STM32F1xx_HAL_Driver/Inc/stm32f1xx_ll_bus.h ****   * @rmtoll AHBENR       CRCEN         LL_AHB1_GRP1_EnableClock\n
 243:Drivers/STM32F1xx_HAL_Driver/Inc/stm32f1xx_ll_bus.h ****   *         AHBENR       DMA1EN        LL_AHB1_GRP1_EnableClock\n
 244:Drivers/STM32F1xx_HAL_Driver/Inc/stm32f1xx_ll_bus.h ****   *         AHBENR       DMA2EN        LL_AHB1_GRP1_EnableClock\n
 245:Drivers/STM32F1xx_HAL_Driver/Inc/stm32f1xx_ll_bus.h ****   *         AHBENR       ETHMACEN      LL_AHB1_GRP1_EnableClock\n
 246:Drivers/STM32F1xx_HAL_Driver/Inc/stm32f1xx_ll_bus.h ****   *         AHBENR       ETHMACRXEN    LL_AHB1_GRP1_EnableClock\n
 247:Drivers/STM32F1xx_HAL_Driver/Inc/stm32f1xx_ll_bus.h ****   *         AHBENR       ETHMACTXEN    LL_AHB1_GRP1_EnableClock\n
ARM GAS  C:\Users\YUEJIN~1\AppData\Local\Temp\cchjYUXB.s 			page 7


 248:Drivers/STM32F1xx_HAL_Driver/Inc/stm32f1xx_ll_bus.h ****   *         AHBENR       FLITFEN       LL_AHB1_GRP1_EnableClock\n
 249:Drivers/STM32F1xx_HAL_Driver/Inc/stm32f1xx_ll_bus.h ****   *         AHBENR       FSMCEN        LL_AHB1_GRP1_EnableClock\n
 250:Drivers/STM32F1xx_HAL_Driver/Inc/stm32f1xx_ll_bus.h ****   *         AHBENR       OTGFSEN       LL_AHB1_GRP1_EnableClock\n
 251:Drivers/STM32F1xx_HAL_Driver/Inc/stm32f1xx_ll_bus.h ****   *         AHBENR       SDIOEN        LL_AHB1_GRP1_EnableClock\n
 252:Drivers/STM32F1xx_HAL_Driver/Inc/stm32f1xx_ll_bus.h ****   *         AHBENR       SRAMEN        LL_AHB1_GRP1_EnableClock
 253:Drivers/STM32F1xx_HAL_Driver/Inc/stm32f1xx_ll_bus.h ****   * @param  Periphs This parameter can be a combination of the following values:
 254:Drivers/STM32F1xx_HAL_Driver/Inc/stm32f1xx_ll_bus.h ****   *         @arg @ref LL_AHB1_GRP1_PERIPH_CRC
 255:Drivers/STM32F1xx_HAL_Driver/Inc/stm32f1xx_ll_bus.h ****   *         @arg @ref LL_AHB1_GRP1_PERIPH_DMA1
 256:Drivers/STM32F1xx_HAL_Driver/Inc/stm32f1xx_ll_bus.h ****   *         @arg @ref LL_AHB1_GRP1_PERIPH_DMA2 (*)
 257:Drivers/STM32F1xx_HAL_Driver/Inc/stm32f1xx_ll_bus.h ****   *         @arg @ref LL_AHB1_GRP1_PERIPH_ETHMAC (*)
 258:Drivers/STM32F1xx_HAL_Driver/Inc/stm32f1xx_ll_bus.h ****   *         @arg @ref LL_AHB1_GRP1_PERIPH_ETHMACRX (*)
 259:Drivers/STM32F1xx_HAL_Driver/Inc/stm32f1xx_ll_bus.h ****   *         @arg @ref LL_AHB1_GRP1_PERIPH_ETHMACTX (*)
 260:Drivers/STM32F1xx_HAL_Driver/Inc/stm32f1xx_ll_bus.h ****   *         @arg @ref LL_AHB1_GRP1_PERIPH_FLASH
 261:Drivers/STM32F1xx_HAL_Driver/Inc/stm32f1xx_ll_bus.h ****   *         @arg @ref LL_AHB1_GRP1_PERIPH_FSMC (*)
 262:Drivers/STM32F1xx_HAL_Driver/Inc/stm32f1xx_ll_bus.h ****   *         @arg @ref LL_AHB1_GRP1_PERIPH_OTGFS (*)
 263:Drivers/STM32F1xx_HAL_Driver/Inc/stm32f1xx_ll_bus.h ****   *         @arg @ref LL_AHB1_GRP1_PERIPH_SDIO (*)
 264:Drivers/STM32F1xx_HAL_Driver/Inc/stm32f1xx_ll_bus.h ****   *         @arg @ref LL_AHB1_GRP1_PERIPH_SRAM
 265:Drivers/STM32F1xx_HAL_Driver/Inc/stm32f1xx_ll_bus.h ****   *
 266:Drivers/STM32F1xx_HAL_Driver/Inc/stm32f1xx_ll_bus.h ****   *         (*) value not defined in all devices.
 267:Drivers/STM32F1xx_HAL_Driver/Inc/stm32f1xx_ll_bus.h ****   * @retval None
 268:Drivers/STM32F1xx_HAL_Driver/Inc/stm32f1xx_ll_bus.h **** */
 269:Drivers/STM32F1xx_HAL_Driver/Inc/stm32f1xx_ll_bus.h **** __STATIC_INLINE void LL_AHB1_GRP1_EnableClock(uint32_t Periphs)
 270:Drivers/STM32F1xx_HAL_Driver/Inc/stm32f1xx_ll_bus.h **** {
 271:Drivers/STM32F1xx_HAL_Driver/Inc/stm32f1xx_ll_bus.h ****   __IO uint32_t tmpreg;
 272:Drivers/STM32F1xx_HAL_Driver/Inc/stm32f1xx_ll_bus.h ****   SET_BIT(RCC->AHBENR, Periphs);
 273:Drivers/STM32F1xx_HAL_Driver/Inc/stm32f1xx_ll_bus.h ****   /* Delay after an RCC peripheral clock enabling */
 274:Drivers/STM32F1xx_HAL_Driver/Inc/stm32f1xx_ll_bus.h ****   tmpreg = READ_BIT(RCC->AHBENR, Periphs);
 275:Drivers/STM32F1xx_HAL_Driver/Inc/stm32f1xx_ll_bus.h ****   (void)tmpreg;
 276:Drivers/STM32F1xx_HAL_Driver/Inc/stm32f1xx_ll_bus.h **** }
 277:Drivers/STM32F1xx_HAL_Driver/Inc/stm32f1xx_ll_bus.h **** 
 278:Drivers/STM32F1xx_HAL_Driver/Inc/stm32f1xx_ll_bus.h **** /**
 279:Drivers/STM32F1xx_HAL_Driver/Inc/stm32f1xx_ll_bus.h ****   * @brief  Check if AHB1 peripheral clock is enabled or not
 280:Drivers/STM32F1xx_HAL_Driver/Inc/stm32f1xx_ll_bus.h ****   * @rmtoll AHBENR       CRCEN         LL_AHB1_GRP1_IsEnabledClock\n
 281:Drivers/STM32F1xx_HAL_Driver/Inc/stm32f1xx_ll_bus.h ****   *         AHBENR       DMA1EN        LL_AHB1_GRP1_IsEnabledClock\n
 282:Drivers/STM32F1xx_HAL_Driver/Inc/stm32f1xx_ll_bus.h ****   *         AHBENR       DMA2EN        LL_AHB1_GRP1_IsEnabledClock\n
 283:Drivers/STM32F1xx_HAL_Driver/Inc/stm32f1xx_ll_bus.h ****   *         AHBENR       ETHMACEN      LL_AHB1_GRP1_IsEnabledClock\n
 284:Drivers/STM32F1xx_HAL_Driver/Inc/stm32f1xx_ll_bus.h ****   *         AHBENR       ETHMACRXEN    LL_AHB1_GRP1_IsEnabledClock\n
 285:Drivers/STM32F1xx_HAL_Driver/Inc/stm32f1xx_ll_bus.h ****   *         AHBENR       ETHMACTXEN    LL_AHB1_GRP1_IsEnabledClock\n
 286:Drivers/STM32F1xx_HAL_Driver/Inc/stm32f1xx_ll_bus.h ****   *         AHBENR       FLITFEN       LL_AHB1_GRP1_IsEnabledClock\n
 287:Drivers/STM32F1xx_HAL_Driver/Inc/stm32f1xx_ll_bus.h ****   *         AHBENR       FSMCEN        LL_AHB1_GRP1_IsEnabledClock\n
 288:Drivers/STM32F1xx_HAL_Driver/Inc/stm32f1xx_ll_bus.h ****   *         AHBENR       OTGFSEN       LL_AHB1_GRP1_IsEnabledClock\n
 289:Drivers/STM32F1xx_HAL_Driver/Inc/stm32f1xx_ll_bus.h ****   *         AHBENR       SDIOEN        LL_AHB1_GRP1_IsEnabledClock\n
 290:Drivers/STM32F1xx_HAL_Driver/Inc/stm32f1xx_ll_bus.h ****   *         AHBENR       SRAMEN        LL_AHB1_GRP1_IsEnabledClock
 291:Drivers/STM32F1xx_HAL_Driver/Inc/stm32f1xx_ll_bus.h ****   * @param  Periphs This parameter can be a combination of the following values:
 292:Drivers/STM32F1xx_HAL_Driver/Inc/stm32f1xx_ll_bus.h ****   *         @arg @ref LL_AHB1_GRP1_PERIPH_CRC
 293:Drivers/STM32F1xx_HAL_Driver/Inc/stm32f1xx_ll_bus.h ****   *         @arg @ref LL_AHB1_GRP1_PERIPH_DMA1
 294:Drivers/STM32F1xx_HAL_Driver/Inc/stm32f1xx_ll_bus.h ****   *         @arg @ref LL_AHB1_GRP1_PERIPH_DMA2 (*)
 295:Drivers/STM32F1xx_HAL_Driver/Inc/stm32f1xx_ll_bus.h ****   *         @arg @ref LL_AHB1_GRP1_PERIPH_ETHMAC (*)
 296:Drivers/STM32F1xx_HAL_Driver/Inc/stm32f1xx_ll_bus.h ****   *         @arg @ref LL_AHB1_GRP1_PERIPH_ETHMACRX (*)
 297:Drivers/STM32F1xx_HAL_Driver/Inc/stm32f1xx_ll_bus.h ****   *         @arg @ref LL_AHB1_GRP1_PERIPH_ETHMACTX (*)
 298:Drivers/STM32F1xx_HAL_Driver/Inc/stm32f1xx_ll_bus.h ****   *         @arg @ref LL_AHB1_GRP1_PERIPH_FLASH
 299:Drivers/STM32F1xx_HAL_Driver/Inc/stm32f1xx_ll_bus.h ****   *         @arg @ref LL_AHB1_GRP1_PERIPH_FSMC (*)
 300:Drivers/STM32F1xx_HAL_Driver/Inc/stm32f1xx_ll_bus.h ****   *         @arg @ref LL_AHB1_GRP1_PERIPH_OTGFS (*)
 301:Drivers/STM32F1xx_HAL_Driver/Inc/stm32f1xx_ll_bus.h ****   *         @arg @ref LL_AHB1_GRP1_PERIPH_SDIO (*)
 302:Drivers/STM32F1xx_HAL_Driver/Inc/stm32f1xx_ll_bus.h ****   *         @arg @ref LL_AHB1_GRP1_PERIPH_SRAM
 303:Drivers/STM32F1xx_HAL_Driver/Inc/stm32f1xx_ll_bus.h ****   *
 304:Drivers/STM32F1xx_HAL_Driver/Inc/stm32f1xx_ll_bus.h ****   *         (*) value not defined in all devices.
ARM GAS  C:\Users\YUEJIN~1\AppData\Local\Temp\cchjYUXB.s 			page 8


 305:Drivers/STM32F1xx_HAL_Driver/Inc/stm32f1xx_ll_bus.h ****   * @retval State of Periphs (1 or 0).
 306:Drivers/STM32F1xx_HAL_Driver/Inc/stm32f1xx_ll_bus.h **** */
 307:Drivers/STM32F1xx_HAL_Driver/Inc/stm32f1xx_ll_bus.h **** __STATIC_INLINE uint32_t LL_AHB1_GRP1_IsEnabledClock(uint32_t Periphs)
 308:Drivers/STM32F1xx_HAL_Driver/Inc/stm32f1xx_ll_bus.h **** {
 309:Drivers/STM32F1xx_HAL_Driver/Inc/stm32f1xx_ll_bus.h ****   return (READ_BIT(RCC->AHBENR, Periphs) == Periphs);
 310:Drivers/STM32F1xx_HAL_Driver/Inc/stm32f1xx_ll_bus.h **** }
 311:Drivers/STM32F1xx_HAL_Driver/Inc/stm32f1xx_ll_bus.h **** 
 312:Drivers/STM32F1xx_HAL_Driver/Inc/stm32f1xx_ll_bus.h **** /**
 313:Drivers/STM32F1xx_HAL_Driver/Inc/stm32f1xx_ll_bus.h ****   * @brief  Disable AHB1 peripherals clock.
 314:Drivers/STM32F1xx_HAL_Driver/Inc/stm32f1xx_ll_bus.h ****   * @rmtoll AHBENR       CRCEN         LL_AHB1_GRP1_DisableClock\n
 315:Drivers/STM32F1xx_HAL_Driver/Inc/stm32f1xx_ll_bus.h ****   *         AHBENR       DMA1EN        LL_AHB1_GRP1_DisableClock\n
 316:Drivers/STM32F1xx_HAL_Driver/Inc/stm32f1xx_ll_bus.h ****   *         AHBENR       DMA2EN        LL_AHB1_GRP1_DisableClock\n
 317:Drivers/STM32F1xx_HAL_Driver/Inc/stm32f1xx_ll_bus.h ****   *         AHBENR       ETHMACEN      LL_AHB1_GRP1_DisableClock\n
 318:Drivers/STM32F1xx_HAL_Driver/Inc/stm32f1xx_ll_bus.h ****   *         AHBENR       ETHMACRXEN    LL_AHB1_GRP1_DisableClock\n
 319:Drivers/STM32F1xx_HAL_Driver/Inc/stm32f1xx_ll_bus.h ****   *         AHBENR       ETHMACTXEN    LL_AHB1_GRP1_DisableClock\n
 320:Drivers/STM32F1xx_HAL_Driver/Inc/stm32f1xx_ll_bus.h ****   *         AHBENR       FLITFEN       LL_AHB1_GRP1_DisableClock\n
 321:Drivers/STM32F1xx_HAL_Driver/Inc/stm32f1xx_ll_bus.h ****   *         AHBENR       FSMCEN        LL_AHB1_GRP1_DisableClock\n
 322:Drivers/STM32F1xx_HAL_Driver/Inc/stm32f1xx_ll_bus.h ****   *         AHBENR       OTGFSEN       LL_AHB1_GRP1_DisableClock\n
 323:Drivers/STM32F1xx_HAL_Driver/Inc/stm32f1xx_ll_bus.h ****   *         AHBENR       SDIOEN        LL_AHB1_GRP1_DisableClock\n
 324:Drivers/STM32F1xx_HAL_Driver/Inc/stm32f1xx_ll_bus.h ****   *         AHBENR       SRAMEN        LL_AHB1_GRP1_DisableClock
 325:Drivers/STM32F1xx_HAL_Driver/Inc/stm32f1xx_ll_bus.h ****   * @param  Periphs This parameter can be a combination of the following values:
 326:Drivers/STM32F1xx_HAL_Driver/Inc/stm32f1xx_ll_bus.h ****   *         @arg @ref LL_AHB1_GRP1_PERIPH_CRC
 327:Drivers/STM32F1xx_HAL_Driver/Inc/stm32f1xx_ll_bus.h ****   *         @arg @ref LL_AHB1_GRP1_PERIPH_DMA1
 328:Drivers/STM32F1xx_HAL_Driver/Inc/stm32f1xx_ll_bus.h ****   *         @arg @ref LL_AHB1_GRP1_PERIPH_DMA2 (*)
 329:Drivers/STM32F1xx_HAL_Driver/Inc/stm32f1xx_ll_bus.h ****   *         @arg @ref LL_AHB1_GRP1_PERIPH_ETHMAC (*)
 330:Drivers/STM32F1xx_HAL_Driver/Inc/stm32f1xx_ll_bus.h ****   *         @arg @ref LL_AHB1_GRP1_PERIPH_ETHMACRX (*)
 331:Drivers/STM32F1xx_HAL_Driver/Inc/stm32f1xx_ll_bus.h ****   *         @arg @ref LL_AHB1_GRP1_PERIPH_ETHMACTX (*)
 332:Drivers/STM32F1xx_HAL_Driver/Inc/stm32f1xx_ll_bus.h ****   *         @arg @ref LL_AHB1_GRP1_PERIPH_FLASH
 333:Drivers/STM32F1xx_HAL_Driver/Inc/stm32f1xx_ll_bus.h ****   *         @arg @ref LL_AHB1_GRP1_PERIPH_FSMC (*)
 334:Drivers/STM32F1xx_HAL_Driver/Inc/stm32f1xx_ll_bus.h ****   *         @arg @ref LL_AHB1_GRP1_PERIPH_OTGFS (*)
 335:Drivers/STM32F1xx_HAL_Driver/Inc/stm32f1xx_ll_bus.h ****   *         @arg @ref LL_AHB1_GRP1_PERIPH_SDIO (*)
 336:Drivers/STM32F1xx_HAL_Driver/Inc/stm32f1xx_ll_bus.h ****   *         @arg @ref LL_AHB1_GRP1_PERIPH_SRAM
 337:Drivers/STM32F1xx_HAL_Driver/Inc/stm32f1xx_ll_bus.h ****   *
 338:Drivers/STM32F1xx_HAL_Driver/Inc/stm32f1xx_ll_bus.h ****   *         (*) value not defined in all devices.
 339:Drivers/STM32F1xx_HAL_Driver/Inc/stm32f1xx_ll_bus.h ****   * @retval None
 340:Drivers/STM32F1xx_HAL_Driver/Inc/stm32f1xx_ll_bus.h **** */
 341:Drivers/STM32F1xx_HAL_Driver/Inc/stm32f1xx_ll_bus.h **** __STATIC_INLINE void LL_AHB1_GRP1_DisableClock(uint32_t Periphs)
 342:Drivers/STM32F1xx_HAL_Driver/Inc/stm32f1xx_ll_bus.h **** {
 343:Drivers/STM32F1xx_HAL_Driver/Inc/stm32f1xx_ll_bus.h ****   CLEAR_BIT(RCC->AHBENR, Periphs);
 344:Drivers/STM32F1xx_HAL_Driver/Inc/stm32f1xx_ll_bus.h **** }
 345:Drivers/STM32F1xx_HAL_Driver/Inc/stm32f1xx_ll_bus.h **** 
 346:Drivers/STM32F1xx_HAL_Driver/Inc/stm32f1xx_ll_bus.h **** #if defined(RCC_AHBRSTR_SUPPORT)
 347:Drivers/STM32F1xx_HAL_Driver/Inc/stm32f1xx_ll_bus.h **** /**
 348:Drivers/STM32F1xx_HAL_Driver/Inc/stm32f1xx_ll_bus.h ****   * @brief  Force AHB1 peripherals reset.
 349:Drivers/STM32F1xx_HAL_Driver/Inc/stm32f1xx_ll_bus.h ****   * @rmtoll AHBRSTR      ETHMACRST     LL_AHB1_GRP1_ForceReset\n
 350:Drivers/STM32F1xx_HAL_Driver/Inc/stm32f1xx_ll_bus.h ****   *         AHBRSTR      OTGFSRST      LL_AHB1_GRP1_ForceReset
 351:Drivers/STM32F1xx_HAL_Driver/Inc/stm32f1xx_ll_bus.h ****   * @param  Periphs This parameter can be a combination of the following values:
 352:Drivers/STM32F1xx_HAL_Driver/Inc/stm32f1xx_ll_bus.h ****   *         @arg @ref LL_AHB1_GRP1_PERIPH_ALL
 353:Drivers/STM32F1xx_HAL_Driver/Inc/stm32f1xx_ll_bus.h ****   *         @arg @ref LL_AHB1_GRP1_PERIPH_ETHMAC (*)
 354:Drivers/STM32F1xx_HAL_Driver/Inc/stm32f1xx_ll_bus.h ****   *         @arg @ref LL_AHB1_GRP1_PERIPH_OTGFS (*)
 355:Drivers/STM32F1xx_HAL_Driver/Inc/stm32f1xx_ll_bus.h ****   *
 356:Drivers/STM32F1xx_HAL_Driver/Inc/stm32f1xx_ll_bus.h ****   *         (*) value not defined in all devices.
 357:Drivers/STM32F1xx_HAL_Driver/Inc/stm32f1xx_ll_bus.h ****   * @retval None
 358:Drivers/STM32F1xx_HAL_Driver/Inc/stm32f1xx_ll_bus.h **** */
 359:Drivers/STM32F1xx_HAL_Driver/Inc/stm32f1xx_ll_bus.h **** __STATIC_INLINE void LL_AHB1_GRP1_ForceReset(uint32_t Periphs)
 360:Drivers/STM32F1xx_HAL_Driver/Inc/stm32f1xx_ll_bus.h **** {
 361:Drivers/STM32F1xx_HAL_Driver/Inc/stm32f1xx_ll_bus.h ****   SET_BIT(RCC->AHBRSTR, Periphs);
ARM GAS  C:\Users\YUEJIN~1\AppData\Local\Temp\cchjYUXB.s 			page 9


 362:Drivers/STM32F1xx_HAL_Driver/Inc/stm32f1xx_ll_bus.h **** }
 363:Drivers/STM32F1xx_HAL_Driver/Inc/stm32f1xx_ll_bus.h **** 
 364:Drivers/STM32F1xx_HAL_Driver/Inc/stm32f1xx_ll_bus.h **** /**
 365:Drivers/STM32F1xx_HAL_Driver/Inc/stm32f1xx_ll_bus.h ****   * @brief  Release AHB1 peripherals reset.
 366:Drivers/STM32F1xx_HAL_Driver/Inc/stm32f1xx_ll_bus.h ****   * @rmtoll AHBRSTR      ETHMACRST     LL_AHB1_GRP1_ReleaseReset\n
 367:Drivers/STM32F1xx_HAL_Driver/Inc/stm32f1xx_ll_bus.h ****   *         AHBRSTR      OTGFSRST      LL_AHB1_GRP1_ReleaseReset
 368:Drivers/STM32F1xx_HAL_Driver/Inc/stm32f1xx_ll_bus.h ****   * @param  Periphs This parameter can be a combination of the following values:
 369:Drivers/STM32F1xx_HAL_Driver/Inc/stm32f1xx_ll_bus.h ****   *         @arg @ref LL_AHB1_GRP1_PERIPH_ALL
 370:Drivers/STM32F1xx_HAL_Driver/Inc/stm32f1xx_ll_bus.h ****   *         @arg @ref LL_AHB1_GRP1_PERIPH_ETHMAC (*)
 371:Drivers/STM32F1xx_HAL_Driver/Inc/stm32f1xx_ll_bus.h ****   *         @arg @ref LL_AHB1_GRP1_PERIPH_OTGFS (*)
 372:Drivers/STM32F1xx_HAL_Driver/Inc/stm32f1xx_ll_bus.h ****   *
 373:Drivers/STM32F1xx_HAL_Driver/Inc/stm32f1xx_ll_bus.h ****   *         (*) value not defined in all devices.
 374:Drivers/STM32F1xx_HAL_Driver/Inc/stm32f1xx_ll_bus.h ****   * @retval None
 375:Drivers/STM32F1xx_HAL_Driver/Inc/stm32f1xx_ll_bus.h **** */
 376:Drivers/STM32F1xx_HAL_Driver/Inc/stm32f1xx_ll_bus.h **** __STATIC_INLINE void LL_AHB1_GRP1_ReleaseReset(uint32_t Periphs)
 377:Drivers/STM32F1xx_HAL_Driver/Inc/stm32f1xx_ll_bus.h **** {
 378:Drivers/STM32F1xx_HAL_Driver/Inc/stm32f1xx_ll_bus.h ****   CLEAR_BIT(RCC->AHBRSTR, Periphs);
 379:Drivers/STM32F1xx_HAL_Driver/Inc/stm32f1xx_ll_bus.h **** }
 380:Drivers/STM32F1xx_HAL_Driver/Inc/stm32f1xx_ll_bus.h **** #endif /* RCC_AHBRSTR_SUPPORT */
 381:Drivers/STM32F1xx_HAL_Driver/Inc/stm32f1xx_ll_bus.h **** 
 382:Drivers/STM32F1xx_HAL_Driver/Inc/stm32f1xx_ll_bus.h **** /**
 383:Drivers/STM32F1xx_HAL_Driver/Inc/stm32f1xx_ll_bus.h ****   * @}
 384:Drivers/STM32F1xx_HAL_Driver/Inc/stm32f1xx_ll_bus.h ****   */
 385:Drivers/STM32F1xx_HAL_Driver/Inc/stm32f1xx_ll_bus.h **** 
 386:Drivers/STM32F1xx_HAL_Driver/Inc/stm32f1xx_ll_bus.h **** /** @defgroup BUS_LL_EF_APB1 APB1
 387:Drivers/STM32F1xx_HAL_Driver/Inc/stm32f1xx_ll_bus.h ****   * @{
 388:Drivers/STM32F1xx_HAL_Driver/Inc/stm32f1xx_ll_bus.h ****   */
 389:Drivers/STM32F1xx_HAL_Driver/Inc/stm32f1xx_ll_bus.h **** 
 390:Drivers/STM32F1xx_HAL_Driver/Inc/stm32f1xx_ll_bus.h **** /**
 391:Drivers/STM32F1xx_HAL_Driver/Inc/stm32f1xx_ll_bus.h ****   * @brief  Enable APB1 peripherals clock.
 392:Drivers/STM32F1xx_HAL_Driver/Inc/stm32f1xx_ll_bus.h ****   * @rmtoll APB1ENR      BKPEN         LL_APB1_GRP1_EnableClock\n
 393:Drivers/STM32F1xx_HAL_Driver/Inc/stm32f1xx_ll_bus.h ****   *         APB1ENR      CAN1EN        LL_APB1_GRP1_EnableClock\n
 394:Drivers/STM32F1xx_HAL_Driver/Inc/stm32f1xx_ll_bus.h ****   *         APB1ENR      CAN2EN        LL_APB1_GRP1_EnableClock\n
 395:Drivers/STM32F1xx_HAL_Driver/Inc/stm32f1xx_ll_bus.h ****   *         APB1ENR      CECEN         LL_APB1_GRP1_EnableClock\n
 396:Drivers/STM32F1xx_HAL_Driver/Inc/stm32f1xx_ll_bus.h ****   *         APB1ENR      DACEN         LL_APB1_GRP1_EnableClock\n
 397:Drivers/STM32F1xx_HAL_Driver/Inc/stm32f1xx_ll_bus.h ****   *         APB1ENR      I2C1EN        LL_APB1_GRP1_EnableClock\n
 398:Drivers/STM32F1xx_HAL_Driver/Inc/stm32f1xx_ll_bus.h ****   *         APB1ENR      I2C2EN        LL_APB1_GRP1_EnableClock\n
 399:Drivers/STM32F1xx_HAL_Driver/Inc/stm32f1xx_ll_bus.h ****   *         APB1ENR      PWREN         LL_APB1_GRP1_EnableClock\n
 400:Drivers/STM32F1xx_HAL_Driver/Inc/stm32f1xx_ll_bus.h ****   *         APB1ENR      SPI2EN        LL_APB1_GRP1_EnableClock\n
 401:Drivers/STM32F1xx_HAL_Driver/Inc/stm32f1xx_ll_bus.h ****   *         APB1ENR      SPI3EN        LL_APB1_GRP1_EnableClock\n
 402:Drivers/STM32F1xx_HAL_Driver/Inc/stm32f1xx_ll_bus.h ****   *         APB1ENR      TIM12EN       LL_APB1_GRP1_EnableClock\n
 403:Drivers/STM32F1xx_HAL_Driver/Inc/stm32f1xx_ll_bus.h ****   *         APB1ENR      TIM13EN       LL_APB1_GRP1_EnableClock\n
 404:Drivers/STM32F1xx_HAL_Driver/Inc/stm32f1xx_ll_bus.h ****   *         APB1ENR      TIM14EN       LL_APB1_GRP1_EnableClock\n
 405:Drivers/STM32F1xx_HAL_Driver/Inc/stm32f1xx_ll_bus.h ****   *         APB1ENR      TIM2EN        LL_APB1_GRP1_EnableClock\n
 406:Drivers/STM32F1xx_HAL_Driver/Inc/stm32f1xx_ll_bus.h ****   *         APB1ENR      TIM3EN        LL_APB1_GRP1_EnableClock\n
 407:Drivers/STM32F1xx_HAL_Driver/Inc/stm32f1xx_ll_bus.h ****   *         APB1ENR      TIM4EN        LL_APB1_GRP1_EnableClock\n
 408:Drivers/STM32F1xx_HAL_Driver/Inc/stm32f1xx_ll_bus.h ****   *         APB1ENR      TIM5EN        LL_APB1_GRP1_EnableClock\n
 409:Drivers/STM32F1xx_HAL_Driver/Inc/stm32f1xx_ll_bus.h ****   *         APB1ENR      TIM6EN        LL_APB1_GRP1_EnableClock\n
 410:Drivers/STM32F1xx_HAL_Driver/Inc/stm32f1xx_ll_bus.h ****   *         APB1ENR      TIM7EN        LL_APB1_GRP1_EnableClock\n
 411:Drivers/STM32F1xx_HAL_Driver/Inc/stm32f1xx_ll_bus.h ****   *         APB1ENR      UART4EN       LL_APB1_GRP1_EnableClock\n
 412:Drivers/STM32F1xx_HAL_Driver/Inc/stm32f1xx_ll_bus.h ****   *         APB1ENR      UART5EN       LL_APB1_GRP1_EnableClock\n
 413:Drivers/STM32F1xx_HAL_Driver/Inc/stm32f1xx_ll_bus.h ****   *         APB1ENR      USART2EN      LL_APB1_GRP1_EnableClock\n
 414:Drivers/STM32F1xx_HAL_Driver/Inc/stm32f1xx_ll_bus.h ****   *         APB1ENR      USART3EN      LL_APB1_GRP1_EnableClock\n
 415:Drivers/STM32F1xx_HAL_Driver/Inc/stm32f1xx_ll_bus.h ****   *         APB1ENR      USBEN         LL_APB1_GRP1_EnableClock\n
 416:Drivers/STM32F1xx_HAL_Driver/Inc/stm32f1xx_ll_bus.h ****   *         APB1ENR      WWDGEN        LL_APB1_GRP1_EnableClock
 417:Drivers/STM32F1xx_HAL_Driver/Inc/stm32f1xx_ll_bus.h ****   * @param  Periphs This parameter can be a combination of the following values:
 418:Drivers/STM32F1xx_HAL_Driver/Inc/stm32f1xx_ll_bus.h ****   *         @arg @ref LL_APB1_GRP1_PERIPH_BKP
ARM GAS  C:\Users\YUEJIN~1\AppData\Local\Temp\cchjYUXB.s 			page 10


 419:Drivers/STM32F1xx_HAL_Driver/Inc/stm32f1xx_ll_bus.h ****   *         @arg @ref LL_APB1_GRP1_PERIPH_CAN1 (*)
 420:Drivers/STM32F1xx_HAL_Driver/Inc/stm32f1xx_ll_bus.h ****   *         @arg @ref LL_APB1_GRP1_PERIPH_CAN2 (*)
 421:Drivers/STM32F1xx_HAL_Driver/Inc/stm32f1xx_ll_bus.h ****   *         @arg @ref LL_APB1_GRP1_PERIPH_CEC (*)
 422:Drivers/STM32F1xx_HAL_Driver/Inc/stm32f1xx_ll_bus.h ****   *         @arg @ref LL_APB1_GRP1_PERIPH_DAC1 (*)
 423:Drivers/STM32F1xx_HAL_Driver/Inc/stm32f1xx_ll_bus.h ****   *         @arg @ref LL_APB1_GRP1_PERIPH_I2C1
 424:Drivers/STM32F1xx_HAL_Driver/Inc/stm32f1xx_ll_bus.h ****   *         @arg @ref LL_APB1_GRP1_PERIPH_I2C2 (*)
 425:Drivers/STM32F1xx_HAL_Driver/Inc/stm32f1xx_ll_bus.h ****   *         @arg @ref LL_APB1_GRP1_PERIPH_PWR
 426:Drivers/STM32F1xx_HAL_Driver/Inc/stm32f1xx_ll_bus.h ****   *         @arg @ref LL_APB1_GRP1_PERIPH_SPI2 (*)
 427:Drivers/STM32F1xx_HAL_Driver/Inc/stm32f1xx_ll_bus.h ****   *         @arg @ref LL_APB1_GRP1_PERIPH_SPI3 (*)
 428:Drivers/STM32F1xx_HAL_Driver/Inc/stm32f1xx_ll_bus.h ****   *         @arg @ref LL_APB1_GRP1_PERIPH_TIM12 (*)
 429:Drivers/STM32F1xx_HAL_Driver/Inc/stm32f1xx_ll_bus.h ****   *         @arg @ref LL_APB1_GRP1_PERIPH_TIM13 (*)
 430:Drivers/STM32F1xx_HAL_Driver/Inc/stm32f1xx_ll_bus.h ****   *         @arg @ref LL_APB1_GRP1_PERIPH_TIM14 (*)
 431:Drivers/STM32F1xx_HAL_Driver/Inc/stm32f1xx_ll_bus.h ****   *         @arg @ref LL_APB1_GRP1_PERIPH_TIM2
 432:Drivers/STM32F1xx_HAL_Driver/Inc/stm32f1xx_ll_bus.h ****   *         @arg @ref LL_APB1_GRP1_PERIPH_TIM3
 433:Drivers/STM32F1xx_HAL_Driver/Inc/stm32f1xx_ll_bus.h ****   *         @arg @ref LL_APB1_GRP1_PERIPH_TIM4 (*)
 434:Drivers/STM32F1xx_HAL_Driver/Inc/stm32f1xx_ll_bus.h ****   *         @arg @ref LL_APB1_GRP1_PERIPH_TIM5 (*)
 435:Drivers/STM32F1xx_HAL_Driver/Inc/stm32f1xx_ll_bus.h ****   *         @arg @ref LL_APB1_GRP1_PERIPH_TIM6 (*)
 436:Drivers/STM32F1xx_HAL_Driver/Inc/stm32f1xx_ll_bus.h ****   *         @arg @ref LL_APB1_GRP1_PERIPH_TIM7 (*)
 437:Drivers/STM32F1xx_HAL_Driver/Inc/stm32f1xx_ll_bus.h ****   *         @arg @ref LL_APB1_GRP1_PERIPH_UART4 (*)
 438:Drivers/STM32F1xx_HAL_Driver/Inc/stm32f1xx_ll_bus.h ****   *         @arg @ref LL_APB1_GRP1_PERIPH_UART5 (*)
 439:Drivers/STM32F1xx_HAL_Driver/Inc/stm32f1xx_ll_bus.h ****   *         @arg @ref LL_APB1_GRP1_PERIPH_USART2
 440:Drivers/STM32F1xx_HAL_Driver/Inc/stm32f1xx_ll_bus.h ****   *         @arg @ref LL_APB1_GRP1_PERIPH_USART3 (*)
 441:Drivers/STM32F1xx_HAL_Driver/Inc/stm32f1xx_ll_bus.h ****   *         @arg @ref LL_APB1_GRP1_PERIPH_USB (*)
 442:Drivers/STM32F1xx_HAL_Driver/Inc/stm32f1xx_ll_bus.h ****   *         @arg @ref LL_APB1_GRP1_PERIPH_WWDG
 443:Drivers/STM32F1xx_HAL_Driver/Inc/stm32f1xx_ll_bus.h ****   *
 444:Drivers/STM32F1xx_HAL_Driver/Inc/stm32f1xx_ll_bus.h ****   *         (*) value not defined in all devices.
 445:Drivers/STM32F1xx_HAL_Driver/Inc/stm32f1xx_ll_bus.h ****   * @retval None
 446:Drivers/STM32F1xx_HAL_Driver/Inc/stm32f1xx_ll_bus.h **** */
 447:Drivers/STM32F1xx_HAL_Driver/Inc/stm32f1xx_ll_bus.h **** __STATIC_INLINE void LL_APB1_GRP1_EnableClock(uint32_t Periphs)
 448:Drivers/STM32F1xx_HAL_Driver/Inc/stm32f1xx_ll_bus.h **** {
 449:Drivers/STM32F1xx_HAL_Driver/Inc/stm32f1xx_ll_bus.h ****   __IO uint32_t tmpreg;
 450:Drivers/STM32F1xx_HAL_Driver/Inc/stm32f1xx_ll_bus.h ****   SET_BIT(RCC->APB1ENR, Periphs);
 451:Drivers/STM32F1xx_HAL_Driver/Inc/stm32f1xx_ll_bus.h ****   /* Delay after an RCC peripheral clock enabling */
 452:Drivers/STM32F1xx_HAL_Driver/Inc/stm32f1xx_ll_bus.h ****   tmpreg = READ_BIT(RCC->APB1ENR, Periphs);
 453:Drivers/STM32F1xx_HAL_Driver/Inc/stm32f1xx_ll_bus.h ****   (void)tmpreg;
 454:Drivers/STM32F1xx_HAL_Driver/Inc/stm32f1xx_ll_bus.h **** }
 455:Drivers/STM32F1xx_HAL_Driver/Inc/stm32f1xx_ll_bus.h **** 
 456:Drivers/STM32F1xx_HAL_Driver/Inc/stm32f1xx_ll_bus.h **** /**
 457:Drivers/STM32F1xx_HAL_Driver/Inc/stm32f1xx_ll_bus.h ****   * @brief  Check if APB1 peripheral clock is enabled or not
 458:Drivers/STM32F1xx_HAL_Driver/Inc/stm32f1xx_ll_bus.h ****   * @rmtoll APB1ENR      BKPEN         LL_APB1_GRP1_IsEnabledClock\n
 459:Drivers/STM32F1xx_HAL_Driver/Inc/stm32f1xx_ll_bus.h ****   *         APB1ENR      CAN1EN        LL_APB1_GRP1_IsEnabledClock\n
 460:Drivers/STM32F1xx_HAL_Driver/Inc/stm32f1xx_ll_bus.h ****   *         APB1ENR      CAN2EN        LL_APB1_GRP1_IsEnabledClock\n
 461:Drivers/STM32F1xx_HAL_Driver/Inc/stm32f1xx_ll_bus.h ****   *         APB1ENR      CECEN         LL_APB1_GRP1_IsEnabledClock\n
 462:Drivers/STM32F1xx_HAL_Driver/Inc/stm32f1xx_ll_bus.h ****   *         APB1ENR      DACEN         LL_APB1_GRP1_IsEnabledClock\n
 463:Drivers/STM32F1xx_HAL_Driver/Inc/stm32f1xx_ll_bus.h ****   *         APB1ENR      I2C1EN        LL_APB1_GRP1_IsEnabledClock\n
 464:Drivers/STM32F1xx_HAL_Driver/Inc/stm32f1xx_ll_bus.h ****   *         APB1ENR      I2C2EN        LL_APB1_GRP1_IsEnabledClock\n
 465:Drivers/STM32F1xx_HAL_Driver/Inc/stm32f1xx_ll_bus.h ****   *         APB1ENR      PWREN         LL_APB1_GRP1_IsEnabledClock\n
 466:Drivers/STM32F1xx_HAL_Driver/Inc/stm32f1xx_ll_bus.h ****   *         APB1ENR      SPI2EN        LL_APB1_GRP1_IsEnabledClock\n
 467:Drivers/STM32F1xx_HAL_Driver/Inc/stm32f1xx_ll_bus.h ****   *         APB1ENR      SPI3EN        LL_APB1_GRP1_IsEnabledClock\n
 468:Drivers/STM32F1xx_HAL_Driver/Inc/stm32f1xx_ll_bus.h ****   *         APB1ENR      TIM12EN       LL_APB1_GRP1_IsEnabledClock\n
 469:Drivers/STM32F1xx_HAL_Driver/Inc/stm32f1xx_ll_bus.h ****   *         APB1ENR      TIM13EN       LL_APB1_GRP1_IsEnabledClock\n
 470:Drivers/STM32F1xx_HAL_Driver/Inc/stm32f1xx_ll_bus.h ****   *         APB1ENR      TIM14EN       LL_APB1_GRP1_IsEnabledClock\n
 471:Drivers/STM32F1xx_HAL_Driver/Inc/stm32f1xx_ll_bus.h ****   *         APB1ENR      TIM2EN        LL_APB1_GRP1_IsEnabledClock\n
 472:Drivers/STM32F1xx_HAL_Driver/Inc/stm32f1xx_ll_bus.h ****   *         APB1ENR      TIM3EN        LL_APB1_GRP1_IsEnabledClock\n
 473:Drivers/STM32F1xx_HAL_Driver/Inc/stm32f1xx_ll_bus.h ****   *         APB1ENR      TIM4EN        LL_APB1_GRP1_IsEnabledClock\n
 474:Drivers/STM32F1xx_HAL_Driver/Inc/stm32f1xx_ll_bus.h ****   *         APB1ENR      TIM5EN        LL_APB1_GRP1_IsEnabledClock\n
 475:Drivers/STM32F1xx_HAL_Driver/Inc/stm32f1xx_ll_bus.h ****   *         APB1ENR      TIM6EN        LL_APB1_GRP1_IsEnabledClock\n
ARM GAS  C:\Users\YUEJIN~1\AppData\Local\Temp\cchjYUXB.s 			page 11


 476:Drivers/STM32F1xx_HAL_Driver/Inc/stm32f1xx_ll_bus.h ****   *         APB1ENR      TIM7EN        LL_APB1_GRP1_IsEnabledClock\n
 477:Drivers/STM32F1xx_HAL_Driver/Inc/stm32f1xx_ll_bus.h ****   *         APB1ENR      UART4EN       LL_APB1_GRP1_IsEnabledClock\n
 478:Drivers/STM32F1xx_HAL_Driver/Inc/stm32f1xx_ll_bus.h ****   *         APB1ENR      UART5EN       LL_APB1_GRP1_IsEnabledClock\n
 479:Drivers/STM32F1xx_HAL_Driver/Inc/stm32f1xx_ll_bus.h ****   *         APB1ENR      USART2EN      LL_APB1_GRP1_IsEnabledClock\n
 480:Drivers/STM32F1xx_HAL_Driver/Inc/stm32f1xx_ll_bus.h ****   *         APB1ENR      USART3EN      LL_APB1_GRP1_IsEnabledClock\n
 481:Drivers/STM32F1xx_HAL_Driver/Inc/stm32f1xx_ll_bus.h ****   *         APB1ENR      USBEN         LL_APB1_GRP1_IsEnabledClock\n
 482:Drivers/STM32F1xx_HAL_Driver/Inc/stm32f1xx_ll_bus.h ****   *         APB1ENR      WWDGEN        LL_APB1_GRP1_IsEnabledClock
 483:Drivers/STM32F1xx_HAL_Driver/Inc/stm32f1xx_ll_bus.h ****   * @param  Periphs This parameter can be a combination of the following values:
 484:Drivers/STM32F1xx_HAL_Driver/Inc/stm32f1xx_ll_bus.h ****   *         @arg @ref LL_APB1_GRP1_PERIPH_BKP
 485:Drivers/STM32F1xx_HAL_Driver/Inc/stm32f1xx_ll_bus.h ****   *         @arg @ref LL_APB1_GRP1_PERIPH_CAN1 (*)
 486:Drivers/STM32F1xx_HAL_Driver/Inc/stm32f1xx_ll_bus.h ****   *         @arg @ref LL_APB1_GRP1_PERIPH_CAN2 (*)
 487:Drivers/STM32F1xx_HAL_Driver/Inc/stm32f1xx_ll_bus.h ****   *         @arg @ref LL_APB1_GRP1_PERIPH_CEC (*)
 488:Drivers/STM32F1xx_HAL_Driver/Inc/stm32f1xx_ll_bus.h ****   *         @arg @ref LL_APB1_GRP1_PERIPH_DAC1 (*)
 489:Drivers/STM32F1xx_HAL_Driver/Inc/stm32f1xx_ll_bus.h ****   *         @arg @ref LL_APB1_GRP1_PERIPH_I2C1
 490:Drivers/STM32F1xx_HAL_Driver/Inc/stm32f1xx_ll_bus.h ****   *         @arg @ref LL_APB1_GRP1_PERIPH_I2C2 (*)
 491:Drivers/STM32F1xx_HAL_Driver/Inc/stm32f1xx_ll_bus.h ****   *         @arg @ref LL_APB1_GRP1_PERIPH_PWR
 492:Drivers/STM32F1xx_HAL_Driver/Inc/stm32f1xx_ll_bus.h ****   *         @arg @ref LL_APB1_GRP1_PERIPH_SPI2 (*)
 493:Drivers/STM32F1xx_HAL_Driver/Inc/stm32f1xx_ll_bus.h ****   *         @arg @ref LL_APB1_GRP1_PERIPH_SPI3 (*)
 494:Drivers/STM32F1xx_HAL_Driver/Inc/stm32f1xx_ll_bus.h ****   *         @arg @ref LL_APB1_GRP1_PERIPH_TIM12 (*)
 495:Drivers/STM32F1xx_HAL_Driver/Inc/stm32f1xx_ll_bus.h ****   *         @arg @ref LL_APB1_GRP1_PERIPH_TIM13 (*)
 496:Drivers/STM32F1xx_HAL_Driver/Inc/stm32f1xx_ll_bus.h ****   *         @arg @ref LL_APB1_GRP1_PERIPH_TIM14 (*)
 497:Drivers/STM32F1xx_HAL_Driver/Inc/stm32f1xx_ll_bus.h ****   *         @arg @ref LL_APB1_GRP1_PERIPH_TIM2
 498:Drivers/STM32F1xx_HAL_Driver/Inc/stm32f1xx_ll_bus.h ****   *         @arg @ref LL_APB1_GRP1_PERIPH_TIM3
 499:Drivers/STM32F1xx_HAL_Driver/Inc/stm32f1xx_ll_bus.h ****   *         @arg @ref LL_APB1_GRP1_PERIPH_TIM4 (*)
 500:Drivers/STM32F1xx_HAL_Driver/Inc/stm32f1xx_ll_bus.h ****   *         @arg @ref LL_APB1_GRP1_PERIPH_TIM5 (*)
 501:Drivers/STM32F1xx_HAL_Driver/Inc/stm32f1xx_ll_bus.h ****   *         @arg @ref LL_APB1_GRP1_PERIPH_TIM6 (*)
 502:Drivers/STM32F1xx_HAL_Driver/Inc/stm32f1xx_ll_bus.h ****   *         @arg @ref LL_APB1_GRP1_PERIPH_TIM7 (*)
 503:Drivers/STM32F1xx_HAL_Driver/Inc/stm32f1xx_ll_bus.h ****   *         @arg @ref LL_APB1_GRP1_PERIPH_UART4 (*)
 504:Drivers/STM32F1xx_HAL_Driver/Inc/stm32f1xx_ll_bus.h ****   *         @arg @ref LL_APB1_GRP1_PERIPH_UART5 (*)
 505:Drivers/STM32F1xx_HAL_Driver/Inc/stm32f1xx_ll_bus.h ****   *         @arg @ref LL_APB1_GRP1_PERIPH_USART2
 506:Drivers/STM32F1xx_HAL_Driver/Inc/stm32f1xx_ll_bus.h ****   *         @arg @ref LL_APB1_GRP1_PERIPH_USART3 (*)
 507:Drivers/STM32F1xx_HAL_Driver/Inc/stm32f1xx_ll_bus.h ****   *         @arg @ref LL_APB1_GRP1_PERIPH_USB (*)
 508:Drivers/STM32F1xx_HAL_Driver/Inc/stm32f1xx_ll_bus.h ****   *         @arg @ref LL_APB1_GRP1_PERIPH_WWDG
 509:Drivers/STM32F1xx_HAL_Driver/Inc/stm32f1xx_ll_bus.h ****   *
 510:Drivers/STM32F1xx_HAL_Driver/Inc/stm32f1xx_ll_bus.h ****   *         (*) value not defined in all devices.
 511:Drivers/STM32F1xx_HAL_Driver/Inc/stm32f1xx_ll_bus.h ****   * @retval State of Periphs (1 or 0).
 512:Drivers/STM32F1xx_HAL_Driver/Inc/stm32f1xx_ll_bus.h **** */
 513:Drivers/STM32F1xx_HAL_Driver/Inc/stm32f1xx_ll_bus.h **** __STATIC_INLINE uint32_t LL_APB1_GRP1_IsEnabledClock(uint32_t Periphs)
 514:Drivers/STM32F1xx_HAL_Driver/Inc/stm32f1xx_ll_bus.h **** {
 515:Drivers/STM32F1xx_HAL_Driver/Inc/stm32f1xx_ll_bus.h ****   return (READ_BIT(RCC->APB1ENR, Periphs) == Periphs);
 516:Drivers/STM32F1xx_HAL_Driver/Inc/stm32f1xx_ll_bus.h **** }
 517:Drivers/STM32F1xx_HAL_Driver/Inc/stm32f1xx_ll_bus.h **** 
 518:Drivers/STM32F1xx_HAL_Driver/Inc/stm32f1xx_ll_bus.h **** /**
 519:Drivers/STM32F1xx_HAL_Driver/Inc/stm32f1xx_ll_bus.h ****   * @brief  Disable APB1 peripherals clock.
 520:Drivers/STM32F1xx_HAL_Driver/Inc/stm32f1xx_ll_bus.h ****   * @rmtoll APB1ENR      BKPEN         LL_APB1_GRP1_DisableClock\n
 521:Drivers/STM32F1xx_HAL_Driver/Inc/stm32f1xx_ll_bus.h ****   *         APB1ENR      CAN1EN        LL_APB1_GRP1_DisableClock\n
 522:Drivers/STM32F1xx_HAL_Driver/Inc/stm32f1xx_ll_bus.h ****   *         APB1ENR      CAN2EN        LL_APB1_GRP1_DisableClock\n
 523:Drivers/STM32F1xx_HAL_Driver/Inc/stm32f1xx_ll_bus.h ****   *         APB1ENR      CECEN         LL_APB1_GRP1_DisableClock\n
 524:Drivers/STM32F1xx_HAL_Driver/Inc/stm32f1xx_ll_bus.h ****   *         APB1ENR      DACEN         LL_APB1_GRP1_DisableClock\n
 525:Drivers/STM32F1xx_HAL_Driver/Inc/stm32f1xx_ll_bus.h ****   *         APB1ENR      I2C1EN        LL_APB1_GRP1_DisableClock\n
 526:Drivers/STM32F1xx_HAL_Driver/Inc/stm32f1xx_ll_bus.h ****   *         APB1ENR      I2C2EN        LL_APB1_GRP1_DisableClock\n
 527:Drivers/STM32F1xx_HAL_Driver/Inc/stm32f1xx_ll_bus.h ****   *         APB1ENR      PWREN         LL_APB1_GRP1_DisableClock\n
 528:Drivers/STM32F1xx_HAL_Driver/Inc/stm32f1xx_ll_bus.h ****   *         APB1ENR      SPI2EN        LL_APB1_GRP1_DisableClock\n
 529:Drivers/STM32F1xx_HAL_Driver/Inc/stm32f1xx_ll_bus.h ****   *         APB1ENR      SPI3EN        LL_APB1_GRP1_DisableClock\n
 530:Drivers/STM32F1xx_HAL_Driver/Inc/stm32f1xx_ll_bus.h ****   *         APB1ENR      TIM12EN       LL_APB1_GRP1_DisableClock\n
 531:Drivers/STM32F1xx_HAL_Driver/Inc/stm32f1xx_ll_bus.h ****   *         APB1ENR      TIM13EN       LL_APB1_GRP1_DisableClock\n
 532:Drivers/STM32F1xx_HAL_Driver/Inc/stm32f1xx_ll_bus.h ****   *         APB1ENR      TIM14EN       LL_APB1_GRP1_DisableClock\n
ARM GAS  C:\Users\YUEJIN~1\AppData\Local\Temp\cchjYUXB.s 			page 12


 533:Drivers/STM32F1xx_HAL_Driver/Inc/stm32f1xx_ll_bus.h ****   *         APB1ENR      TIM2EN        LL_APB1_GRP1_DisableClock\n
 534:Drivers/STM32F1xx_HAL_Driver/Inc/stm32f1xx_ll_bus.h ****   *         APB1ENR      TIM3EN        LL_APB1_GRP1_DisableClock\n
 535:Drivers/STM32F1xx_HAL_Driver/Inc/stm32f1xx_ll_bus.h ****   *         APB1ENR      TIM4EN        LL_APB1_GRP1_DisableClock\n
 536:Drivers/STM32F1xx_HAL_Driver/Inc/stm32f1xx_ll_bus.h ****   *         APB1ENR      TIM5EN        LL_APB1_GRP1_DisableClock\n
 537:Drivers/STM32F1xx_HAL_Driver/Inc/stm32f1xx_ll_bus.h ****   *         APB1ENR      TIM6EN        LL_APB1_GRP1_DisableClock\n
 538:Drivers/STM32F1xx_HAL_Driver/Inc/stm32f1xx_ll_bus.h ****   *         APB1ENR      TIM7EN        LL_APB1_GRP1_DisableClock\n
 539:Drivers/STM32F1xx_HAL_Driver/Inc/stm32f1xx_ll_bus.h ****   *         APB1ENR      UART4EN       LL_APB1_GRP1_DisableClock\n
 540:Drivers/STM32F1xx_HAL_Driver/Inc/stm32f1xx_ll_bus.h ****   *         APB1ENR      UART5EN       LL_APB1_GRP1_DisableClock\n
 541:Drivers/STM32F1xx_HAL_Driver/Inc/stm32f1xx_ll_bus.h ****   *         APB1ENR      USART2EN      LL_APB1_GRP1_DisableClock\n
 542:Drivers/STM32F1xx_HAL_Driver/Inc/stm32f1xx_ll_bus.h ****   *         APB1ENR      USART3EN      LL_APB1_GRP1_DisableClock\n
 543:Drivers/STM32F1xx_HAL_Driver/Inc/stm32f1xx_ll_bus.h ****   *         APB1ENR      USBEN         LL_APB1_GRP1_DisableClock\n
 544:Drivers/STM32F1xx_HAL_Driver/Inc/stm32f1xx_ll_bus.h ****   *         APB1ENR      WWDGEN        LL_APB1_GRP1_DisableClock
 545:Drivers/STM32F1xx_HAL_Driver/Inc/stm32f1xx_ll_bus.h ****   * @param  Periphs This parameter can be a combination of the following values:
 546:Drivers/STM32F1xx_HAL_Driver/Inc/stm32f1xx_ll_bus.h ****   *         @arg @ref LL_APB1_GRP1_PERIPH_BKP
 547:Drivers/STM32F1xx_HAL_Driver/Inc/stm32f1xx_ll_bus.h ****   *         @arg @ref LL_APB1_GRP1_PERIPH_CAN1 (*)
 548:Drivers/STM32F1xx_HAL_Driver/Inc/stm32f1xx_ll_bus.h ****   *         @arg @ref LL_APB1_GRP1_PERIPH_CAN2 (*)
 549:Drivers/STM32F1xx_HAL_Driver/Inc/stm32f1xx_ll_bus.h ****   *         @arg @ref LL_APB1_GRP1_PERIPH_CEC (*)
 550:Drivers/STM32F1xx_HAL_Driver/Inc/stm32f1xx_ll_bus.h ****   *         @arg @ref LL_APB1_GRP1_PERIPH_DAC1 (*)
 551:Drivers/STM32F1xx_HAL_Driver/Inc/stm32f1xx_ll_bus.h ****   *         @arg @ref LL_APB1_GRP1_PERIPH_I2C1
 552:Drivers/STM32F1xx_HAL_Driver/Inc/stm32f1xx_ll_bus.h ****   *         @arg @ref LL_APB1_GRP1_PERIPH_I2C2 (*)
 553:Drivers/STM32F1xx_HAL_Driver/Inc/stm32f1xx_ll_bus.h ****   *         @arg @ref LL_APB1_GRP1_PERIPH_PWR
 554:Drivers/STM32F1xx_HAL_Driver/Inc/stm32f1xx_ll_bus.h ****   *         @arg @ref LL_APB1_GRP1_PERIPH_SPI2 (*)
 555:Drivers/STM32F1xx_HAL_Driver/Inc/stm32f1xx_ll_bus.h ****   *         @arg @ref LL_APB1_GRP1_PERIPH_SPI3 (*)
 556:Drivers/STM32F1xx_HAL_Driver/Inc/stm32f1xx_ll_bus.h ****   *         @arg @ref LL_APB1_GRP1_PERIPH_TIM12 (*)
 557:Drivers/STM32F1xx_HAL_Driver/Inc/stm32f1xx_ll_bus.h ****   *         @arg @ref LL_APB1_GRP1_PERIPH_TIM13 (*)
 558:Drivers/STM32F1xx_HAL_Driver/Inc/stm32f1xx_ll_bus.h ****   *         @arg @ref LL_APB1_GRP1_PERIPH_TIM14 (*)
 559:Drivers/STM32F1xx_HAL_Driver/Inc/stm32f1xx_ll_bus.h ****   *         @arg @ref LL_APB1_GRP1_PERIPH_TIM2
 560:Drivers/STM32F1xx_HAL_Driver/Inc/stm32f1xx_ll_bus.h ****   *         @arg @ref LL_APB1_GRP1_PERIPH_TIM3
 561:Drivers/STM32F1xx_HAL_Driver/Inc/stm32f1xx_ll_bus.h ****   *         @arg @ref LL_APB1_GRP1_PERIPH_TIM4 (*)
 562:Drivers/STM32F1xx_HAL_Driver/Inc/stm32f1xx_ll_bus.h ****   *         @arg @ref LL_APB1_GRP1_PERIPH_TIM5 (*)
 563:Drivers/STM32F1xx_HAL_Driver/Inc/stm32f1xx_ll_bus.h ****   *         @arg @ref LL_APB1_GRP1_PERIPH_TIM6 (*)
 564:Drivers/STM32F1xx_HAL_Driver/Inc/stm32f1xx_ll_bus.h ****   *         @arg @ref LL_APB1_GRP1_PERIPH_TIM7 (*)
 565:Drivers/STM32F1xx_HAL_Driver/Inc/stm32f1xx_ll_bus.h ****   *         @arg @ref LL_APB1_GRP1_PERIPH_UART4 (*)
 566:Drivers/STM32F1xx_HAL_Driver/Inc/stm32f1xx_ll_bus.h ****   *         @arg @ref LL_APB1_GRP1_PERIPH_UART5 (*)
 567:Drivers/STM32F1xx_HAL_Driver/Inc/stm32f1xx_ll_bus.h ****   *         @arg @ref LL_APB1_GRP1_PERIPH_USART2
 568:Drivers/STM32F1xx_HAL_Driver/Inc/stm32f1xx_ll_bus.h ****   *         @arg @ref LL_APB1_GRP1_PERIPH_USART3 (*)
 569:Drivers/STM32F1xx_HAL_Driver/Inc/stm32f1xx_ll_bus.h ****   *         @arg @ref LL_APB1_GRP1_PERIPH_USB (*)
 570:Drivers/STM32F1xx_HAL_Driver/Inc/stm32f1xx_ll_bus.h ****   *         @arg @ref LL_APB1_GRP1_PERIPH_WWDG
 571:Drivers/STM32F1xx_HAL_Driver/Inc/stm32f1xx_ll_bus.h ****   *
 572:Drivers/STM32F1xx_HAL_Driver/Inc/stm32f1xx_ll_bus.h ****   *         (*) value not defined in all devices.
 573:Drivers/STM32F1xx_HAL_Driver/Inc/stm32f1xx_ll_bus.h ****   * @retval None
 574:Drivers/STM32F1xx_HAL_Driver/Inc/stm32f1xx_ll_bus.h **** */
 575:Drivers/STM32F1xx_HAL_Driver/Inc/stm32f1xx_ll_bus.h **** __STATIC_INLINE void LL_APB1_GRP1_DisableClock(uint32_t Periphs)
 576:Drivers/STM32F1xx_HAL_Driver/Inc/stm32f1xx_ll_bus.h **** {
 577:Drivers/STM32F1xx_HAL_Driver/Inc/stm32f1xx_ll_bus.h ****   CLEAR_BIT(RCC->APB1ENR, Periphs);
 578:Drivers/STM32F1xx_HAL_Driver/Inc/stm32f1xx_ll_bus.h **** }
 579:Drivers/STM32F1xx_HAL_Driver/Inc/stm32f1xx_ll_bus.h **** 
 580:Drivers/STM32F1xx_HAL_Driver/Inc/stm32f1xx_ll_bus.h **** /**
 581:Drivers/STM32F1xx_HAL_Driver/Inc/stm32f1xx_ll_bus.h ****   * @brief  Force APB1 peripherals reset.
 582:Drivers/STM32F1xx_HAL_Driver/Inc/stm32f1xx_ll_bus.h ****   * @rmtoll APB1RSTR     BKPRST        LL_APB1_GRP1_ForceReset\n
 583:Drivers/STM32F1xx_HAL_Driver/Inc/stm32f1xx_ll_bus.h ****   *         APB1RSTR     CAN1RST       LL_APB1_GRP1_ForceReset\n
 584:Drivers/STM32F1xx_HAL_Driver/Inc/stm32f1xx_ll_bus.h ****   *         APB1RSTR     CAN2RST       LL_APB1_GRP1_ForceReset\n
 585:Drivers/STM32F1xx_HAL_Driver/Inc/stm32f1xx_ll_bus.h ****   *         APB1RSTR     CECRST        LL_APB1_GRP1_ForceReset\n
 586:Drivers/STM32F1xx_HAL_Driver/Inc/stm32f1xx_ll_bus.h ****   *         APB1RSTR     DACRST        LL_APB1_GRP1_ForceReset\n
 587:Drivers/STM32F1xx_HAL_Driver/Inc/stm32f1xx_ll_bus.h ****   *         APB1RSTR     I2C1RST       LL_APB1_GRP1_ForceReset\n
 588:Drivers/STM32F1xx_HAL_Driver/Inc/stm32f1xx_ll_bus.h ****   *         APB1RSTR     I2C2RST       LL_APB1_GRP1_ForceReset\n
 589:Drivers/STM32F1xx_HAL_Driver/Inc/stm32f1xx_ll_bus.h ****   *         APB1RSTR     PWRRST        LL_APB1_GRP1_ForceReset\n
ARM GAS  C:\Users\YUEJIN~1\AppData\Local\Temp\cchjYUXB.s 			page 13


 590:Drivers/STM32F1xx_HAL_Driver/Inc/stm32f1xx_ll_bus.h ****   *         APB1RSTR     SPI2RST       LL_APB1_GRP1_ForceReset\n
 591:Drivers/STM32F1xx_HAL_Driver/Inc/stm32f1xx_ll_bus.h ****   *         APB1RSTR     SPI3RST       LL_APB1_GRP1_ForceReset\n
 592:Drivers/STM32F1xx_HAL_Driver/Inc/stm32f1xx_ll_bus.h ****   *         APB1RSTR     TIM12RST      LL_APB1_GRP1_ForceReset\n
 593:Drivers/STM32F1xx_HAL_Driver/Inc/stm32f1xx_ll_bus.h ****   *         APB1RSTR     TIM13RST      LL_APB1_GRP1_ForceReset\n
 594:Drivers/STM32F1xx_HAL_Driver/Inc/stm32f1xx_ll_bus.h ****   *         APB1RSTR     TIM14RST      LL_APB1_GRP1_ForceReset\n
 595:Drivers/STM32F1xx_HAL_Driver/Inc/stm32f1xx_ll_bus.h ****   *         APB1RSTR     TIM2RST       LL_APB1_GRP1_ForceReset\n
 596:Drivers/STM32F1xx_HAL_Driver/Inc/stm32f1xx_ll_bus.h ****   *         APB1RSTR     TIM3RST       LL_APB1_GRP1_ForceReset\n
 597:Drivers/STM32F1xx_HAL_Driver/Inc/stm32f1xx_ll_bus.h ****   *         APB1RSTR     TIM4RST       LL_APB1_GRP1_ForceReset\n
 598:Drivers/STM32F1xx_HAL_Driver/Inc/stm32f1xx_ll_bus.h ****   *         APB1RSTR     TIM5RST       LL_APB1_GRP1_ForceReset\n
 599:Drivers/STM32F1xx_HAL_Driver/Inc/stm32f1xx_ll_bus.h ****   *         APB1RSTR     TIM6RST       LL_APB1_GRP1_ForceReset\n
 600:Drivers/STM32F1xx_HAL_Driver/Inc/stm32f1xx_ll_bus.h ****   *         APB1RSTR     TIM7RST       LL_APB1_GRP1_ForceReset\n
 601:Drivers/STM32F1xx_HAL_Driver/Inc/stm32f1xx_ll_bus.h ****   *         APB1RSTR     UART4RST      LL_APB1_GRP1_ForceReset\n
 602:Drivers/STM32F1xx_HAL_Driver/Inc/stm32f1xx_ll_bus.h ****   *         APB1RSTR     UART5RST      LL_APB1_GRP1_ForceReset\n
 603:Drivers/STM32F1xx_HAL_Driver/Inc/stm32f1xx_ll_bus.h ****   *         APB1RSTR     USART2RST     LL_APB1_GRP1_ForceReset\n
 604:Drivers/STM32F1xx_HAL_Driver/Inc/stm32f1xx_ll_bus.h ****   *         APB1RSTR     USART3RST     LL_APB1_GRP1_ForceReset\n
 605:Drivers/STM32F1xx_HAL_Driver/Inc/stm32f1xx_ll_bus.h ****   *         APB1RSTR     USBRST        LL_APB1_GRP1_ForceReset\n
 606:Drivers/STM32F1xx_HAL_Driver/Inc/stm32f1xx_ll_bus.h ****   *         APB1RSTR     WWDGRST       LL_APB1_GRP1_ForceReset
 607:Drivers/STM32F1xx_HAL_Driver/Inc/stm32f1xx_ll_bus.h ****   * @param  Periphs This parameter can be a combination of the following values:
 608:Drivers/STM32F1xx_HAL_Driver/Inc/stm32f1xx_ll_bus.h ****   *         @arg @ref LL_APB1_GRP1_PERIPH_ALL
 609:Drivers/STM32F1xx_HAL_Driver/Inc/stm32f1xx_ll_bus.h ****   *         @arg @ref LL_APB1_GRP1_PERIPH_BKP
 610:Drivers/STM32F1xx_HAL_Driver/Inc/stm32f1xx_ll_bus.h ****   *         @arg @ref LL_APB1_GRP1_PERIPH_CAN1 (*)
 611:Drivers/STM32F1xx_HAL_Driver/Inc/stm32f1xx_ll_bus.h ****   *         @arg @ref LL_APB1_GRP1_PERIPH_CAN2 (*)
 612:Drivers/STM32F1xx_HAL_Driver/Inc/stm32f1xx_ll_bus.h ****   *         @arg @ref LL_APB1_GRP1_PERIPH_CEC (*)
 613:Drivers/STM32F1xx_HAL_Driver/Inc/stm32f1xx_ll_bus.h ****   *         @arg @ref LL_APB1_GRP1_PERIPH_DAC1 (*)
 614:Drivers/STM32F1xx_HAL_Driver/Inc/stm32f1xx_ll_bus.h ****   *         @arg @ref LL_APB1_GRP1_PERIPH_I2C1
 615:Drivers/STM32F1xx_HAL_Driver/Inc/stm32f1xx_ll_bus.h ****   *         @arg @ref LL_APB1_GRP1_PERIPH_I2C2 (*)
 616:Drivers/STM32F1xx_HAL_Driver/Inc/stm32f1xx_ll_bus.h ****   *         @arg @ref LL_APB1_GRP1_PERIPH_PWR
 617:Drivers/STM32F1xx_HAL_Driver/Inc/stm32f1xx_ll_bus.h ****   *         @arg @ref LL_APB1_GRP1_PERIPH_SPI2 (*)
 618:Drivers/STM32F1xx_HAL_Driver/Inc/stm32f1xx_ll_bus.h ****   *         @arg @ref LL_APB1_GRP1_PERIPH_SPI3 (*)
 619:Drivers/STM32F1xx_HAL_Driver/Inc/stm32f1xx_ll_bus.h ****   *         @arg @ref LL_APB1_GRP1_PERIPH_TIM12 (*)
 620:Drivers/STM32F1xx_HAL_Driver/Inc/stm32f1xx_ll_bus.h ****   *         @arg @ref LL_APB1_GRP1_PERIPH_TIM13 (*)
 621:Drivers/STM32F1xx_HAL_Driver/Inc/stm32f1xx_ll_bus.h ****   *         @arg @ref LL_APB1_GRP1_PERIPH_TIM14 (*)
 622:Drivers/STM32F1xx_HAL_Driver/Inc/stm32f1xx_ll_bus.h ****   *         @arg @ref LL_APB1_GRP1_PERIPH_TIM2
 623:Drivers/STM32F1xx_HAL_Driver/Inc/stm32f1xx_ll_bus.h ****   *         @arg @ref LL_APB1_GRP1_PERIPH_TIM3
 624:Drivers/STM32F1xx_HAL_Driver/Inc/stm32f1xx_ll_bus.h ****   *         @arg @ref LL_APB1_GRP1_PERIPH_TIM4 (*)
 625:Drivers/STM32F1xx_HAL_Driver/Inc/stm32f1xx_ll_bus.h ****   *         @arg @ref LL_APB1_GRP1_PERIPH_TIM5 (*)
 626:Drivers/STM32F1xx_HAL_Driver/Inc/stm32f1xx_ll_bus.h ****   *         @arg @ref LL_APB1_GRP1_PERIPH_TIM6 (*)
 627:Drivers/STM32F1xx_HAL_Driver/Inc/stm32f1xx_ll_bus.h ****   *         @arg @ref LL_APB1_GRP1_PERIPH_TIM7 (*)
 628:Drivers/STM32F1xx_HAL_Driver/Inc/stm32f1xx_ll_bus.h ****   *         @arg @ref LL_APB1_GRP1_PERIPH_UART4 (*)
 629:Drivers/STM32F1xx_HAL_Driver/Inc/stm32f1xx_ll_bus.h ****   *         @arg @ref LL_APB1_GRP1_PERIPH_UART5 (*)
 630:Drivers/STM32F1xx_HAL_Driver/Inc/stm32f1xx_ll_bus.h ****   *         @arg @ref LL_APB1_GRP1_PERIPH_USART2
 631:Drivers/STM32F1xx_HAL_Driver/Inc/stm32f1xx_ll_bus.h ****   *         @arg @ref LL_APB1_GRP1_PERIPH_USART3 (*)
 632:Drivers/STM32F1xx_HAL_Driver/Inc/stm32f1xx_ll_bus.h ****   *         @arg @ref LL_APB1_GRP1_PERIPH_USB (*)
 633:Drivers/STM32F1xx_HAL_Driver/Inc/stm32f1xx_ll_bus.h ****   *         @arg @ref LL_APB1_GRP1_PERIPH_WWDG
 634:Drivers/STM32F1xx_HAL_Driver/Inc/stm32f1xx_ll_bus.h ****   *
 635:Drivers/STM32F1xx_HAL_Driver/Inc/stm32f1xx_ll_bus.h ****   *         (*) value not defined in all devices.
 636:Drivers/STM32F1xx_HAL_Driver/Inc/stm32f1xx_ll_bus.h ****   * @retval None
 637:Drivers/STM32F1xx_HAL_Driver/Inc/stm32f1xx_ll_bus.h **** */
 638:Drivers/STM32F1xx_HAL_Driver/Inc/stm32f1xx_ll_bus.h **** __STATIC_INLINE void LL_APB1_GRP1_ForceReset(uint32_t Periphs)
  37              		.loc 2 638 22 view .LVU2
  38              	.LBB7:
 639:Drivers/STM32F1xx_HAL_Driver/Inc/stm32f1xx_ll_bus.h **** {
 640:Drivers/STM32F1xx_HAL_Driver/Inc/stm32f1xx_ll_bus.h ****   SET_BIT(RCC->APB1RSTR, Periphs);
  39              		.loc 2 640 3 view .LVU3
  40 0000 054B     		ldr	r3, .L2
  41 0002 1A69     		ldr	r2, [r3, #16]
  42 0004 42F08052 		orr	r2, r2, #268435456
ARM GAS  C:\Users\YUEJIN~1\AppData\Local\Temp\cchjYUXB.s 			page 14


  43 0008 1A61     		str	r2, [r3, #16]
  44              	.LVL1:
  45              		.loc 2 640 3 is_stmt 0 view .LVU4
  46              	.LBE7:
  47              	.LBE6:
  61:Drivers/STM32F1xx_HAL_Driver/Src/stm32f1xx_ll_pwr.c **** 
  62:Drivers/STM32F1xx_HAL_Driver/Src/stm32f1xx_ll_pwr.c ****   /* Release reset of PWR clock */
  63:Drivers/STM32F1xx_HAL_Driver/Src/stm32f1xx_ll_pwr.c ****   LL_APB1_GRP1_ReleaseReset(LL_APB1_GRP1_PERIPH_PWR);
  48              		.loc 1 63 3 is_stmt 1 view .LVU5
  49              	.LBB8:
  50              	.LBI8:
 641:Drivers/STM32F1xx_HAL_Driver/Inc/stm32f1xx_ll_bus.h **** }
 642:Drivers/STM32F1xx_HAL_Driver/Inc/stm32f1xx_ll_bus.h **** 
 643:Drivers/STM32F1xx_HAL_Driver/Inc/stm32f1xx_ll_bus.h **** /**
 644:Drivers/STM32F1xx_HAL_Driver/Inc/stm32f1xx_ll_bus.h ****   * @brief  Release APB1 peripherals reset.
 645:Drivers/STM32F1xx_HAL_Driver/Inc/stm32f1xx_ll_bus.h ****   * @rmtoll APB1RSTR     BKPRST        LL_APB1_GRP1_ReleaseReset\n
 646:Drivers/STM32F1xx_HAL_Driver/Inc/stm32f1xx_ll_bus.h ****   *         APB1RSTR     CAN1RST       LL_APB1_GRP1_ReleaseReset\n
 647:Drivers/STM32F1xx_HAL_Driver/Inc/stm32f1xx_ll_bus.h ****   *         APB1RSTR     CAN2RST       LL_APB1_GRP1_ReleaseReset\n
 648:Drivers/STM32F1xx_HAL_Driver/Inc/stm32f1xx_ll_bus.h ****   *         APB1RSTR     CECRST        LL_APB1_GRP1_ReleaseReset\n
 649:Drivers/STM32F1xx_HAL_Driver/Inc/stm32f1xx_ll_bus.h ****   *         APB1RSTR     DACRST        LL_APB1_GRP1_ReleaseReset\n
 650:Drivers/STM32F1xx_HAL_Driver/Inc/stm32f1xx_ll_bus.h ****   *         APB1RSTR     I2C1RST       LL_APB1_GRP1_ReleaseReset\n
 651:Drivers/STM32F1xx_HAL_Driver/Inc/stm32f1xx_ll_bus.h ****   *         APB1RSTR     I2C2RST       LL_APB1_GRP1_ReleaseReset\n
 652:Drivers/STM32F1xx_HAL_Driver/Inc/stm32f1xx_ll_bus.h ****   *         APB1RSTR     PWRRST        LL_APB1_GRP1_ReleaseReset\n
 653:Drivers/STM32F1xx_HAL_Driver/Inc/stm32f1xx_ll_bus.h ****   *         APB1RSTR     SPI2RST       LL_APB1_GRP1_ReleaseReset\n
 654:Drivers/STM32F1xx_HAL_Driver/Inc/stm32f1xx_ll_bus.h ****   *         APB1RSTR     SPI3RST       LL_APB1_GRP1_ReleaseReset\n
 655:Drivers/STM32F1xx_HAL_Driver/Inc/stm32f1xx_ll_bus.h ****   *         APB1RSTR     TIM12RST      LL_APB1_GRP1_ReleaseReset\n
 656:Drivers/STM32F1xx_HAL_Driver/Inc/stm32f1xx_ll_bus.h ****   *         APB1RSTR     TIM13RST      LL_APB1_GRP1_ReleaseReset\n
 657:Drivers/STM32F1xx_HAL_Driver/Inc/stm32f1xx_ll_bus.h ****   *         APB1RSTR     TIM14RST      LL_APB1_GRP1_ReleaseReset\n
 658:Drivers/STM32F1xx_HAL_Driver/Inc/stm32f1xx_ll_bus.h ****   *         APB1RSTR     TIM2RST       LL_APB1_GRP1_ReleaseReset\n
 659:Drivers/STM32F1xx_HAL_Driver/Inc/stm32f1xx_ll_bus.h ****   *         APB1RSTR     TIM3RST       LL_APB1_GRP1_ReleaseReset\n
 660:Drivers/STM32F1xx_HAL_Driver/Inc/stm32f1xx_ll_bus.h ****   *         APB1RSTR     TIM4RST       LL_APB1_GRP1_ReleaseReset\n
 661:Drivers/STM32F1xx_HAL_Driver/Inc/stm32f1xx_ll_bus.h ****   *         APB1RSTR     TIM5RST       LL_APB1_GRP1_ReleaseReset\n
 662:Drivers/STM32F1xx_HAL_Driver/Inc/stm32f1xx_ll_bus.h ****   *         APB1RSTR     TIM6RST       LL_APB1_GRP1_ReleaseReset\n
 663:Drivers/STM32F1xx_HAL_Driver/Inc/stm32f1xx_ll_bus.h ****   *         APB1RSTR     TIM7RST       LL_APB1_GRP1_ReleaseReset\n
 664:Drivers/STM32F1xx_HAL_Driver/Inc/stm32f1xx_ll_bus.h ****   *         APB1RSTR     UART4RST      LL_APB1_GRP1_ReleaseReset\n
 665:Drivers/STM32F1xx_HAL_Driver/Inc/stm32f1xx_ll_bus.h ****   *         APB1RSTR     UART5RST      LL_APB1_GRP1_ReleaseReset\n
 666:Drivers/STM32F1xx_HAL_Driver/Inc/stm32f1xx_ll_bus.h ****   *         APB1RSTR     USART2RST     LL_APB1_GRP1_ReleaseReset\n
 667:Drivers/STM32F1xx_HAL_Driver/Inc/stm32f1xx_ll_bus.h ****   *         APB1RSTR     USART3RST     LL_APB1_GRP1_ReleaseReset\n
 668:Drivers/STM32F1xx_HAL_Driver/Inc/stm32f1xx_ll_bus.h ****   *         APB1RSTR     USBRST        LL_APB1_GRP1_ReleaseReset\n
 669:Drivers/STM32F1xx_HAL_Driver/Inc/stm32f1xx_ll_bus.h ****   *         APB1RSTR     WWDGRST       LL_APB1_GRP1_ReleaseReset
 670:Drivers/STM32F1xx_HAL_Driver/Inc/stm32f1xx_ll_bus.h ****   * @param  Periphs This parameter can be a combination of the following values:
 671:Drivers/STM32F1xx_HAL_Driver/Inc/stm32f1xx_ll_bus.h ****   *         @arg @ref LL_APB1_GRP1_PERIPH_ALL
 672:Drivers/STM32F1xx_HAL_Driver/Inc/stm32f1xx_ll_bus.h ****   *         @arg @ref LL_APB1_GRP1_PERIPH_BKP
 673:Drivers/STM32F1xx_HAL_Driver/Inc/stm32f1xx_ll_bus.h ****   *         @arg @ref LL_APB1_GRP1_PERIPH_CAN1 (*)
 674:Drivers/STM32F1xx_HAL_Driver/Inc/stm32f1xx_ll_bus.h ****   *         @arg @ref LL_APB1_GRP1_PERIPH_CAN2 (*)
 675:Drivers/STM32F1xx_HAL_Driver/Inc/stm32f1xx_ll_bus.h ****   *         @arg @ref LL_APB1_GRP1_PERIPH_CEC (*)
 676:Drivers/STM32F1xx_HAL_Driver/Inc/stm32f1xx_ll_bus.h ****   *         @arg @ref LL_APB1_GRP1_PERIPH_DAC1 (*)
 677:Drivers/STM32F1xx_HAL_Driver/Inc/stm32f1xx_ll_bus.h ****   *         @arg @ref LL_APB1_GRP1_PERIPH_I2C1
 678:Drivers/STM32F1xx_HAL_Driver/Inc/stm32f1xx_ll_bus.h ****   *         @arg @ref LL_APB1_GRP1_PERIPH_I2C2 (*)
 679:Drivers/STM32F1xx_HAL_Driver/Inc/stm32f1xx_ll_bus.h ****   *         @arg @ref LL_APB1_GRP1_PERIPH_PWR
 680:Drivers/STM32F1xx_HAL_Driver/Inc/stm32f1xx_ll_bus.h ****   *         @arg @ref LL_APB1_GRP1_PERIPH_SPI2 (*)
 681:Drivers/STM32F1xx_HAL_Driver/Inc/stm32f1xx_ll_bus.h ****   *         @arg @ref LL_APB1_GRP1_PERIPH_SPI3 (*)
 682:Drivers/STM32F1xx_HAL_Driver/Inc/stm32f1xx_ll_bus.h ****   *         @arg @ref LL_APB1_GRP1_PERIPH_TIM12 (*)
 683:Drivers/STM32F1xx_HAL_Driver/Inc/stm32f1xx_ll_bus.h ****   *         @arg @ref LL_APB1_GRP1_PERIPH_TIM13 (*)
 684:Drivers/STM32F1xx_HAL_Driver/Inc/stm32f1xx_ll_bus.h ****   *         @arg @ref LL_APB1_GRP1_PERIPH_TIM14 (*)
 685:Drivers/STM32F1xx_HAL_Driver/Inc/stm32f1xx_ll_bus.h ****   *         @arg @ref LL_APB1_GRP1_PERIPH_TIM2
 686:Drivers/STM32F1xx_HAL_Driver/Inc/stm32f1xx_ll_bus.h ****   *         @arg @ref LL_APB1_GRP1_PERIPH_TIM3
ARM GAS  C:\Users\YUEJIN~1\AppData\Local\Temp\cchjYUXB.s 			page 15


 687:Drivers/STM32F1xx_HAL_Driver/Inc/stm32f1xx_ll_bus.h ****   *         @arg @ref LL_APB1_GRP1_PERIPH_TIM4 (*)
 688:Drivers/STM32F1xx_HAL_Driver/Inc/stm32f1xx_ll_bus.h ****   *         @arg @ref LL_APB1_GRP1_PERIPH_TIM5 (*)
 689:Drivers/STM32F1xx_HAL_Driver/Inc/stm32f1xx_ll_bus.h ****   *         @arg @ref LL_APB1_GRP1_PERIPH_TIM6 (*)
 690:Drivers/STM32F1xx_HAL_Driver/Inc/stm32f1xx_ll_bus.h ****   *         @arg @ref LL_APB1_GRP1_PERIPH_TIM7 (*)
 691:Drivers/STM32F1xx_HAL_Driver/Inc/stm32f1xx_ll_bus.h ****   *         @arg @ref LL_APB1_GRP1_PERIPH_UART4 (*)
 692:Drivers/STM32F1xx_HAL_Driver/Inc/stm32f1xx_ll_bus.h ****   *         @arg @ref LL_APB1_GRP1_PERIPH_UART5 (*)
 693:Drivers/STM32F1xx_HAL_Driver/Inc/stm32f1xx_ll_bus.h ****   *         @arg @ref LL_APB1_GRP1_PERIPH_USART2
 694:Drivers/STM32F1xx_HAL_Driver/Inc/stm32f1xx_ll_bus.h ****   *         @arg @ref LL_APB1_GRP1_PERIPH_USART3 (*)
 695:Drivers/STM32F1xx_HAL_Driver/Inc/stm32f1xx_ll_bus.h ****   *         @arg @ref LL_APB1_GRP1_PERIPH_USB (*)
 696:Drivers/STM32F1xx_HAL_Driver/Inc/stm32f1xx_ll_bus.h ****   *         @arg @ref LL_APB1_GRP1_PERIPH_WWDG
 697:Drivers/STM32F1xx_HAL_Driver/Inc/stm32f1xx_ll_bus.h ****   *
 698:Drivers/STM32F1xx_HAL_Driver/Inc/stm32f1xx_ll_bus.h ****   *         (*) value not defined in all devices.
 699:Drivers/STM32F1xx_HAL_Driver/Inc/stm32f1xx_ll_bus.h ****   * @retval None
 700:Drivers/STM32F1xx_HAL_Driver/Inc/stm32f1xx_ll_bus.h **** */
 701:Drivers/STM32F1xx_HAL_Driver/Inc/stm32f1xx_ll_bus.h **** __STATIC_INLINE void LL_APB1_GRP1_ReleaseReset(uint32_t Periphs)
  51              		.loc 2 701 22 view .LVU6
  52              	.LBB9:
 702:Drivers/STM32F1xx_HAL_Driver/Inc/stm32f1xx_ll_bus.h **** {
 703:Drivers/STM32F1xx_HAL_Driver/Inc/stm32f1xx_ll_bus.h ****   CLEAR_BIT(RCC->APB1RSTR, Periphs);
  53              		.loc 2 703 3 view .LVU7
  54 000a 1A69     		ldr	r2, [r3, #16]
  55 000c 22F08052 		bic	r2, r2, #268435456
  56 0010 1A61     		str	r2, [r3, #16]
  57              	.LVL2:
  58              		.loc 2 703 3 is_stmt 0 view .LVU8
  59              	.LBE9:
  60              	.LBE8:
  64:Drivers/STM32F1xx_HAL_Driver/Src/stm32f1xx_ll_pwr.c **** 
  65:Drivers/STM32F1xx_HAL_Driver/Src/stm32f1xx_ll_pwr.c ****   return SUCCESS;
  61              		.loc 1 65 3 is_stmt 1 view .LVU9
  66:Drivers/STM32F1xx_HAL_Driver/Src/stm32f1xx_ll_pwr.c **** }
  62              		.loc 1 66 1 is_stmt 0 view .LVU10
  63 0012 0020     		movs	r0, #0
  64 0014 7047     		bx	lr
  65              	.L3:
  66 0016 00BF     		.align	2
  67              	.L2:
  68 0018 00100240 		.word	1073876992
  69              		.cfi_endproc
  70              	.LFE98:
  72              		.text
  73              	.Letext0:
  74              		.file 3 "c:\\program files (x86)\\gnu arm embedded toolchain\\10 2020-q4-major\\arm-none-eabi\\inc
  75              		.file 4 "c:\\program files (x86)\\gnu arm embedded toolchain\\10 2020-q4-major\\arm-none-eabi\\inc
  76              		.file 5 "Drivers/CMSIS/Device/ST/STM32F1xx/Include/stm32f103xb.h"
  77              		.file 6 "Drivers/CMSIS/Device/ST/STM32F1xx/Include/stm32f1xx.h"
ARM GAS  C:\Users\YUEJIN~1\AppData\Local\Temp\cchjYUXB.s 			page 16


DEFINED SYMBOLS
                            *ABS*:00000000 stm32f1xx_ll_pwr.c
C:\Users\YUEJIN~1\AppData\Local\Temp\cchjYUXB.s:16     .text.LL_PWR_DeInit:00000000 $t
C:\Users\YUEJIN~1\AppData\Local\Temp\cchjYUXB.s:24     .text.LL_PWR_DeInit:00000000 LL_PWR_DeInit
C:\Users\YUEJIN~1\AppData\Local\Temp\cchjYUXB.s:68     .text.LL_PWR_DeInit:00000018 $d

NO UNDEFINED SYMBOLS
